2016-10-31 00:10:12 trace :
------------
String:
<xml><ToUserName><![CDATA[gh_d08df8dd58c3]]></ToUserName>
<FromUserName><![CDATA[owMq5wHWj0K3-KPWf0tr5rYaEYFw]]></FromUserName>
<CreateTime>1477843812</CreateTime>
<MsgType><![CDATA[event]]></MsgType>
<Event><![CDATA[LOCATION]]></Event>
<Latitude>30.256596</Latitude>
<Longitude>119.718231</Longitude>
<Precision>65.000000</Precision>
</xml>

2016-10-31 00:10:12 params :
------------
String:
array (
  'message' => 
  array (
    'tousername' => 'gh_d08df8dd58c3',
    'fromusername' => 'owMq5wHWj0K3-KPWf0tr5rYaEYFw',
    'createtime' => '1477843812',
    'msgtype' => 'event',
    'event' => 'LOCATION',
    'latitude' => '30.256596',
    'longitude' => '119.718231',
    'precision' => '65.000000',
    'from' => 'owMq5wHWj0K3-KPWf0tr5rYaEYFw',
    'to' => 'gh_d08df8dd58c3',
    'time' => '1477843812',
    'type' => 'trace',
    'location_x' => '30.256596',
    'location_y' => '119.718231',
  ),
  'module' => 'default',
  'rule' => '-1',
)

2016-10-31 00:10:12 response :
------------
Array:
errno : -1 ;
message : Invaild value ;

2016-10-31 10:57:51 trace :
------------
String:
<xml><ToUserName><![CDATA[gh_d08df8dd58c3]]></ToUserName>
<FromUserName><![CDATA[owMq5wMBeNntNK7kVrENU_NtuW1U]]></FromUserName>
<CreateTime>1477882671</CreateTime>
<MsgType><![CDATA[event]]></MsgType>
<Event><![CDATA[LOCATION]]></Event>
<Latitude>30.256624</Latitude>
<Longitude>119.718063</Longitude>
<Precision>65.000000</Precision>
</xml>

2016-10-31 10:57:51 params :
------------
String:
array (
  'message' => 
  array (
    'tousername' => 'gh_d08df8dd58c3',
    'fromusername' => 'owMq5wMBeNntNK7kVrENU_NtuW1U',
    'createtime' => '1477882671',
    'msgtype' => 'event',
    'event' => 'LOCATION',
    'latitude' => '30.256624',
    'longitude' => '119.718063',
    'precision' => '65.000000',
    'from' => 'owMq5wMBeNntNK7kVrENU_NtuW1U',
    'to' => 'gh_d08df8dd58c3',
    'time' => '1477882671',
    'type' => 'trace',
    'location_x' => '30.256624',
    'location_y' => '119.718063',
  ),
  'module' => 'default',
  'rule' => '-1',
)

2016-10-31 10:57:51 response :
------------
Array:
errno : -1 ;
message : Invaild value ;

2016-10-31 12:15:14 trace :
------------
String:
<xml><ToUserName><![CDATA[gh_d08df8dd58c3]]></ToUserName>
<FromUserName><![CDATA[owMq5wHWj0K3-KPWf0tr5rYaEYFw]]></FromUserName>
<CreateTime>1477887314</CreateTime>
<MsgType><![CDATA[text]]></MsgType>
<Content><![CDATA[你好]]></Content>
<MsgId>6347477681211373990</MsgId>
</xml>

2016-10-31 12:15:14 params :
------------
String:
array (
  'rule' => -2,
  'module' => '',
  'message' => 
  array (
    'tousername' => 'gh_d08df8dd58c3',
    'fromusername' => 'owMq5wHWj0K3-KPWf0tr5rYaEYFw',
    'createtime' => '1477887314',
    'msgtype' => 'text',
    'content' => '你好',
    'msgid' => '6347477681211373990',
    'from' => 'owMq5wHWj0K3-KPWf0tr5rYaEYFw',
    'to' => 'gh_d08df8dd58c3',
    'time' => '1477887314',
    'type' => 'text',
    'event' => NULL,
    'redirection' => false,
    'source' => NULL,
  ),
)

2016-10-31 12:15:14 response :
------------

2016-10-31 13:12:37 trace :
------------
String:
<xml><ToUserName><![CDATA[gh_d08df8dd58c3]]></ToUserName>
<FromUserName><![CDATA[owMq5wMWSeceEKGgVGqz9kfXK5yY]]></FromUserName>
<CreateTime>1477890757</CreateTime>
<MsgType><![CDATA[event]]></MsgType>
<Event><![CDATA[unsubscribe]]></Event>
<EventKey><![CDATA[]]></EventKey>
</xml>

2016-10-31 13:40:03 trace :
------------
String:
<xml><ToUserName><![CDATA[gh_d08df8dd58c3]]></ToUserName>
<FromUserName><![CDATA[owMq5wHWj0K3-KPWf0tr5rYaEYFw]]></FromUserName>
<CreateTime>1477892403</CreateTime>
<MsgType><![CDATA[event]]></MsgType>
<Event><![CDATA[LOCATION]]></Event>
<Latitude>30.256657</Latitude>
<Longitude>119.718102</Longitude>
<Precision>10.000000</Precision>
</xml>

2016-10-31 13:40:03 params :
------------
String:
array (
  'message' => 
  array (
    'tousername' => 'gh_d08df8dd58c3',
    'fromusername' => 'owMq5wHWj0K3-KPWf0tr5rYaEYFw',
    'createtime' => '1477892403',
    'msgtype' => 'event',
    'event' => 'LOCATION',
    'latitude' => '30.256657',
    'longitude' => '119.718102',
    'precision' => '10.000000',
    'from' => 'owMq5wHWj0K3-KPWf0tr5rYaEYFw',
    'to' => 'gh_d08df8dd58c3',
    'time' => '1477892403',
    'type' => 'trace',
    'location_x' => '30.256657',
    'location_y' => '119.718102',
  ),
  'module' => 'default',
  'rule' => '-1',
)

2016-10-31 13:40:03 response :
------------
Array:
errno : -1 ;
message : Invaild value ;

2016-10-31 13:40:05 trace :
------------
String:
<xml><ToUserName><![CDATA[gh_d08df8dd58c3]]></ToUserName>
<FromUserName><![CDATA[owMq5wHWj0K3-KPWf0tr5rYaEYFw]]></FromUserName>
<CreateTime>1477892404</CreateTime>
<MsgType><![CDATA[event]]></MsgType>
<Event><![CDATA[VIEW]]></Event>
<EventKey><![CDATA[http://jwschool.cn/app/index.php?i=2&c=entry&do=hireout&m=sunshine_hireme]]></EventKey>
<MenuId>408084710</MenuId>
</xml>

2016-10-31 13:40:05 params :
------------
String:
array (
  'rule' => -2,
  'module' => '',
  'message' => 
  array (
    'tousername' => 'gh_d08df8dd58c3',
    'fromusername' => 'owMq5wHWj0K3-KPWf0tr5rYaEYFw',
    'createtime' => '1477892404',
    'msgtype' => 'event',
    'event' => 'VIEW',
    'eventkey' => 'http://jwschool.cn/app/index.php?i=2&c=entry&do=hireout&m=sunshine_hireme',
    'menuid' => '408084710',
    'from' => 'owMq5wHWj0K3-KPWf0tr5rYaEYFw',
    'to' => 'gh_d08df8dd58c3',
    'time' => '1477892404',
    'type' => 'text',
    'content' => 'http://jwschool.cn/app/index.php?i=2&c=entry&do=hireout&m=sunshine_hireme',
    'redirection' => true,
    'source' => 'VIEW',
  ),
)

2016-10-31 13:40:05 response :
------------

2016-10-31 13:41:11 trace :
------------
String:
<xml><ToUserName><![CDATA[gh_d08df8dd58c3]]></ToUserName>
<FromUserName><![CDATA[owMq5wMBeNntNK7kVrENU_NtuW1U]]></FromUserName>
<CreateTime>1477892470</CreateTime>
<MsgType><![CDATA[event]]></MsgType>
<Event><![CDATA[LOCATION]]></Event>
<Latitude>30.256458</Latitude>
<Longitude>119.718208</Longitude>
<Precision>10.000000</Precision>
</xml>

2016-10-31 13:41:11 params :
------------
String:
array (
  'message' => 
  array (
    'tousername' => 'gh_d08df8dd58c3',
    'fromusername' => 'owMq5wMBeNntNK7kVrENU_NtuW1U',
    'createtime' => '1477892470',
    'msgtype' => 'event',
    'event' => 'LOCATION',
    'latitude' => '30.256458',
    'longitude' => '119.718208',
    'precision' => '10.000000',
    'from' => 'owMq5wMBeNntNK7kVrENU_NtuW1U',
    'to' => 'gh_d08df8dd58c3',
    'time' => '1477892470',
    'type' => 'trace',
    'location_x' => '30.256458',
    'location_y' => '119.718208',
  ),
  'module' => 'default',
  'rule' => '-1',
)

2016-10-31 13:41:11 response :
------------
Array:
errno : -1 ;
message : Invaild value ;

2016-10-31 13:41:12 trace :
------------
String:
<xml><ToUserName><![CDATA[gh_d08df8dd58c3]]></ToUserName>
<FromUserName><![CDATA[owMq5wMBeNntNK7kVrENU_NtuW1U]]></FromUserName>
<CreateTime>1477892472</CreateTime>
<MsgType><![CDATA[event]]></MsgType>
<Event><![CDATA[VIEW]]></Event>
<EventKey><![CDATA[http://jwschool.cn/app/index.php?i=2&c=entry&do=usercenter&m=sunshine_hireme]]></EventKey>
<MenuId>408084710</MenuId>
</xml>

2016-10-31 13:41:12 params :
------------
String:
array (
  'rule' => -2,
  'module' => '',
  'message' => 
  array (
    'tousername' => 'gh_d08df8dd58c3',
    'fromusername' => 'owMq5wMBeNntNK7kVrENU_NtuW1U',
    'createtime' => '1477892472',
    'msgtype' => 'event',
    'event' => 'VIEW',
    'eventkey' => 'http://jwschool.cn/app/index.php?i=2&c=entry&do=usercenter&m=sunshine_hireme',
    'menuid' => '408084710',
    'from' => 'owMq5wMBeNntNK7kVrENU_NtuW1U',
    'to' => 'gh_d08df8dd58c3',
    'time' => '1477892472',
    'type' => 'text',
    'content' => 'http://jwschool.cn/app/index.php?i=2&c=entry&do=usercenter&m=sunshine_hireme',
    'redirection' => true,
    'source' => 'VIEW',
  ),
)

2016-10-31 13:41:12 response :
------------

2016-10-31 13:41:17 trace :
------------
String:
<xml><ToUserName><![CDATA[gh_d08df8dd58c3]]></ToUserName>
<FromUserName><![CDATA[owMq5wMBeNntNK7kVrENU_NtuW1U]]></FromUserName>
<CreateTime>1477892477</CreateTime>
<MsgType><![CDATA[event]]></MsgType>
<Event><![CDATA[VIEW]]></Event>
<EventKey><![CDATA[http://jwschool.cn/app/index.php?i=2&c=entry&do=hireout&m=sunshine_hireme]]></EventKey>
<MenuId>408084710</MenuId>
</xml>

2016-10-31 13:41:17 params :
------------
String:
array (
  'rule' => -2,
  'module' => '',
  'message' => 
  array (
    'tousername' => 'gh_d08df8dd58c3',
    'fromusername' => 'owMq5wMBeNntNK7kVrENU_NtuW1U',
    'createtime' => '1477892477',
    'msgtype' => 'event',
    'event' => 'VIEW',
    'eventkey' => 'http://jwschool.cn/app/index.php?i=2&c=entry&do=hireout&m=sunshine_hireme',
    'menuid' => '408084710',
    'from' => 'owMq5wMBeNntNK7kVrENU_NtuW1U',
    'to' => 'gh_d08df8dd58c3',
    'time' => '1477892477',
    'type' => 'text',
    'content' => 'http://jwschool.cn/app/index.php?i=2&c=entry&do=hireout&m=sunshine_hireme',
    'redirection' => true,
    'source' => 'VIEW',
  ),
)

2016-10-31 13:41:17 response :
------------

2016-10-31 13:41:20 trace :
------------
String:
<xml><ToUserName><![CDATA[gh_d08df8dd58c3]]></ToUserName>
<FromUserName><![CDATA[owMq5wMBeNntNK7kVrENU_NtuW1U]]></FromUserName>
<CreateTime>1477892479</CreateTime>
<MsgType><![CDATA[event]]></MsgType>
<Event><![CDATA[VIEW]]></Event>
<EventKey><![CDATA[http://jwschool.cn/app/index.php?i=2&c=entry&do=hireout&m=sunshine_hireme]]></EventKey>
<MenuId>408084710</MenuId>
</xml>

2016-10-31 13:41:20 params :
------------
String:
array (
  'rule' => -2,
  'module' => '',
  'message' => 
  array (
    'tousername' => 'gh_d08df8dd58c3',
    'fromusername' => 'owMq5wMBeNntNK7kVrENU_NtuW1U',
    'createtime' => '1477892479',
    'msgtype' => 'event',
    'event' => 'VIEW',
    'eventkey' => 'http://jwschool.cn/app/index.php?i=2&c=entry&do=hireout&m=sunshine_hireme',
    'menuid' => '408084710',
    'from' => 'owMq5wMBeNntNK7kVrENU_NtuW1U',
    'to' => 'gh_d08df8dd58c3',
    'time' => '1477892479',
    'type' => 'text',
    'content' => 'http://jwschool.cn/app/index.php?i=2&c=entry&do=hireout&m=sunshine_hireme',
    'redirection' => true,
    'source' => 'VIEW',
  ),
)

2016-10-31 13:41:20 response :
------------

2016-10-31 13:43:00 trace :
------------
String:
<xml><ToUserName><![CDATA[gh_d08df8dd58c3]]></ToUserName>
<FromUserName><![CDATA[owMq5wHWj0K3-KPWf0tr5rYaEYFw]]></FromUserName>
<CreateTime>1477892580</CreateTime>
<MsgType><![CDATA[event]]></MsgType>
<Event><![CDATA[LOCATION]]></Event>
<Latitude>30.256596</Latitude>
<Longitude>119.718170</Longitude>
<Precision>10.000000</Precision>
</xml>

2016-10-31 13:43:00 params :
------------
String:
array (
  'message' => 
  array (
    'tousername' => 'gh_d08df8dd58c3',
    'fromusername' => 'owMq5wHWj0K3-KPWf0tr5rYaEYFw',
    'createtime' => '1477892580',
    'msgtype' => 'event',
    'event' => 'LOCATION',
    'latitude' => '30.256596',
    'longitude' => '119.718170',
    'precision' => '10.000000',
    'from' => 'owMq5wHWj0K3-KPWf0tr5rYaEYFw',
    'to' => 'gh_d08df8dd58c3',
    'time' => '1477892580',
    'type' => 'trace',
    'location_x' => '30.256596',
    'location_y' => '119.718170',
  ),
  'module' => 'default',
  'rule' => '-1',
)

2016-10-31 13:43:00 response :
------------
Array:
errno : -1 ;
message : Invaild value ;

2016-10-31 13:43:00 trace :
------------
String:
<xml><ToUserName><![CDATA[gh_d08df8dd58c3]]></ToUserName>
<FromUserName><![CDATA[owMq5wHWj0K3-KPWf0tr5rYaEYFw]]></FromUserName>
<CreateTime>1477892580</CreateTime>
<MsgType><![CDATA[event]]></MsgType>
<Event><![CDATA[VIEW]]></Event>
<EventKey><![CDATA[http://jwschool.cn/app/index.php?i=2&c=entry&do=usercenter&m=sunshine_hireme]]></EventKey>
<MenuId>408084710</MenuId>
</xml>

2016-10-31 13:43:00 params :
------------
String:
array (
  'rule' => -2,
  'module' => '',
  'message' => 
  array (
    'tousername' => 'gh_d08df8dd58c3',
    'fromusername' => 'owMq5wHWj0K3-KPWf0tr5rYaEYFw',
    'createtime' => '1477892580',
    'msgtype' => 'event',
    'event' => 'VIEW',
    'eventkey' => 'http://jwschool.cn/app/index.php?i=2&c=entry&do=usercenter&m=sunshine_hireme',
    'menuid' => '408084710',
    'from' => 'owMq5wHWj0K3-KPWf0tr5rYaEYFw',
    'to' => 'gh_d08df8dd58c3',
    'time' => '1477892580',
    'type' => 'text',
    'content' => 'http://jwschool.cn/app/index.php?i=2&c=entry&do=usercenter&m=sunshine_hireme',
    'redirection' => true,
    'source' => 'VIEW',
  ),
)

2016-10-31 13:43:00 response :
------------

2016-10-31 13:43:17 trace :
------------
String:
<xml><ToUserName><![CDATA[gh_d08df8dd58c3]]></ToUserName>
<FromUserName><![CDATA[owMq5wHWj0K3-KPWf0tr5rYaEYFw]]></FromUserName>
<CreateTime>1477892597</CreateTime>
<MsgType><![CDATA[event]]></MsgType>
<Event><![CDATA[VIEW]]></Event>
<EventKey><![CDATA[http://jwschool.cn/app/index.php?i=2&c=entry&do=index&m=sunshine_hireme]]></EventKey>
<MenuId>408084710</MenuId>
</xml>

2016-10-31 13:43:17 params :
------------
String:
array (
  'rule' => -2,
  'module' => '',
  'message' => 
  array (
    'tousername' => 'gh_d08df8dd58c3',
    'fromusername' => 'owMq5wHWj0K3-KPWf0tr5rYaEYFw',
    'createtime' => '1477892597',
    'msgtype' => 'event',
    'event' => 'VIEW',
    'eventkey' => 'http://jwschool.cn/app/index.php?i=2&c=entry&do=index&m=sunshine_hireme',
    'menuid' => '408084710',
    'from' => 'owMq5wHWj0K3-KPWf0tr5rYaEYFw',
    'to' => 'gh_d08df8dd58c3',
    'time' => '1477892597',
    'type' => 'text',
    'content' => 'http://jwschool.cn/app/index.php?i=2&c=entry&do=index&m=sunshine_hireme',
    'redirection' => true,
    'source' => 'VIEW',
  ),
)

2016-10-31 13:43:17 response :
------------

2016-10-31 13:43:37 pay :
------------
String:
array (
  'appid' => 'wx0826dcd5d961013c',
  'attach' => '2',
  'bank_type' => 'CCB_DEBIT',
  'cash_fee' => '200',
  'fee_type' => 'CNY',
  'is_subscribe' => 'Y',
  'mch_id' => '1349301601',
  'nonce_str' => 'MLooFfi9',
  'openid' => 'owMq5wHWj0K3-KPWf0tr5rYaEYFw',
  'out_trade_no' => '2016103113433200001666827523',
  'result_code' => 'SUCCESS',
  'return_code' => 'SUCCESS',
  'sign' => 'E88D700DCF437F00B2B8D5489C031228',
  'time_end' => '20161031134336',
  'total_fee' => '200',
  'trade_type' => 'JSAPI',
  'transaction_id' => '4003692001201610318255425557',
)

2016-10-31 13:45:25 trace :
------------
String:
<xml><ToUserName><![CDATA[gh_d08df8dd58c3]]></ToUserName>
<FromUserName><![CDATA[owMq5wHKOXy04BoeMnokLkiJSsgQ]]></FromUserName>
<CreateTime>1477892725</CreateTime>
<MsgType><![CDATA[event]]></MsgType>
<Event><![CDATA[LOCATION]]></Event>
<Latitude>30.256655</Latitude>
<Longitude>119.718208</Longitude>
<Precision>50.000000</Precision>
</xml>

2016-10-31 13:45:25 params :
------------
String:
array (
  'message' => 
  array (
    'tousername' => 'gh_d08df8dd58c3',
    'fromusername' => 'owMq5wHKOXy04BoeMnokLkiJSsgQ',
    'createtime' => '1477892725',
    'msgtype' => 'event',
    'event' => 'LOCATION',
    'latitude' => '30.256655',
    'longitude' => '119.718208',
    'precision' => '50.000000',
    'from' => 'owMq5wHKOXy04BoeMnokLkiJSsgQ',
    'to' => 'gh_d08df8dd58c3',
    'time' => '1477892725',
    'type' => 'trace',
    'location_x' => '30.256655',
    'location_y' => '119.718208',
  ),
  'module' => 'default',
  'rule' => '-1',
)

2016-10-31 13:45:25 response :
------------
Array:
errno : -1 ;
message : Invaild value ;

2016-10-31 13:45:27 trace :
------------
String:
<xml><ToUserName><![CDATA[gh_d08df8dd58c3]]></ToUserName>
<FromUserName><![CDATA[owMq5wHKOXy04BoeMnokLkiJSsgQ]]></FromUserName>
<CreateTime>1477892727</CreateTime>
<MsgType><![CDATA[event]]></MsgType>
<Event><![CDATA[VIEW]]></Event>
<EventKey><![CDATA[http://jwschool.cn/app/index.php?i=2&c=entry&do=usercenter&m=sunshine_hireme]]></EventKey>
<MenuId>408084710</MenuId>
</xml>

2016-10-31 13:45:27 params :
------------
String:
array (
  'rule' => -2,
  'module' => '',
  'message' => 
  array (
    'tousername' => 'gh_d08df8dd58c3',
    'fromusername' => 'owMq5wHKOXy04BoeMnokLkiJSsgQ',
    'createtime' => '1477892727',
    'msgtype' => 'event',
    'event' => 'VIEW',
    'eventkey' => 'http://jwschool.cn/app/index.php?i=2&c=entry&do=usercenter&m=sunshine_hireme',
    'menuid' => '408084710',
    'from' => 'owMq5wHKOXy04BoeMnokLkiJSsgQ',
    'to' => 'gh_d08df8dd58c3',
    'time' => '1477892727',
    'type' => 'text',
    'content' => 'http://jwschool.cn/app/index.php?i=2&c=entry&do=usercenter&m=sunshine_hireme',
    'redirection' => true,
    'source' => 'VIEW',
  ),
)

2016-10-31 13:45:27 response :
------------

2016-10-31 13:45:31 trace :
------------
String:
<xml><ToUserName><![CDATA[gh_d08df8dd58c3]]></ToUserName>
<FromUserName><![CDATA[owMq5wHKOXy04BoeMnokLkiJSsgQ]]></FromUserName>
<CreateTime>1477892730</CreateTime>
<MsgType><![CDATA[event]]></MsgType>
<Event><![CDATA[VIEW]]></Event>
<EventKey><![CDATA[http://jwschool.cn/app/index.php?i=2&c=entry&do=hireout&m=sunshine_hireme]]></EventKey>
<MenuId>408084710</MenuId>
</xml>

2016-10-31 13:45:31 params :
------------
String:
array (
  'rule' => -2,
  'module' => '',
  'message' => 
  array (
    'tousername' => 'gh_d08df8dd58c3',
    'fromusername' => 'owMq5wHKOXy04BoeMnokLkiJSsgQ',
    'createtime' => '1477892730',
    'msgtype' => 'event',
    'event' => 'VIEW',
    'eventkey' => 'http://jwschool.cn/app/index.php?i=2&c=entry&do=hireout&m=sunshine_hireme',
    'menuid' => '408084710',
    'from' => 'owMq5wHKOXy04BoeMnokLkiJSsgQ',
    'to' => 'gh_d08df8dd58c3',
    'time' => '1477892730',
    'type' => 'text',
    'content' => 'http://jwschool.cn/app/index.php?i=2&c=entry&do=hireout&m=sunshine_hireme',
    'redirection' => true,
    'source' => 'VIEW',
  ),
)

2016-10-31 13:45:31 response :
------------

2016-10-31 13:46:04 trace :
------------
String:
<xml><ToUserName><![CDATA[gh_d08df8dd58c3]]></ToUserName>
<FromUserName><![CDATA[owMq5wMBeNntNK7kVrENU_NtuW1U]]></FromUserName>
<CreateTime>1477892764</CreateTime>
<MsgType><![CDATA[event]]></MsgType>
<Event><![CDATA[LOCATION]]></Event>
<Latitude>30.256638</Latitude>
<Longitude>119.718338</Longitude>
<Precision>65.000000</Precision>
</xml>

2016-10-31 13:46:04 params :
------------
String:
array (
  'message' => 
  array (
    'tousername' => 'gh_d08df8dd58c3',
    'fromusername' => 'owMq5wMBeNntNK7kVrENU_NtuW1U',
    'createtime' => '1477892764',
    'msgtype' => 'event',
    'event' => 'LOCATION',
    'latitude' => '30.256638',
    'longitude' => '119.718338',
    'precision' => '65.000000',
    'from' => 'owMq5wMBeNntNK7kVrENU_NtuW1U',
    'to' => 'gh_d08df8dd58c3',
    'time' => '1477892764',
    'type' => 'trace',
    'location_x' => '30.256638',
    'location_y' => '119.718338',
  ),
  'module' => 'default',
  'rule' => '-1',
)

2016-10-31 13:46:04 response :
------------
Array:
errno : -1 ;
message : Invaild value ;

2016-10-31 13:46:09 trace :
------------
String:
<xml><ToUserName><![CDATA[gh_d08df8dd58c3]]></ToUserName>
<FromUserName><![CDATA[owMq5wMBeNntNK7kVrENU_NtuW1U]]></FromUserName>
<CreateTime>1477892769</CreateTime>
<MsgType><![CDATA[event]]></MsgType>
<Event><![CDATA[VIEW]]></Event>
<EventKey><![CDATA[http://jwschool.cn/app/index.php?i=2&c=entry&do=usercenter&m=sunshine_hireme]]></EventKey>
<MenuId>408084710</MenuId>
</xml>

2016-10-31 13:46:09 params :
------------
String:
array (
  'rule' => -2,
  'module' => '',
  'message' => 
  array (
    'tousername' => 'gh_d08df8dd58c3',
    'fromusername' => 'owMq5wMBeNntNK7kVrENU_NtuW1U',
    'createtime' => '1477892769',
    'msgtype' => 'event',
    'event' => 'VIEW',
    'eventkey' => 'http://jwschool.cn/app/index.php?i=2&c=entry&do=usercenter&m=sunshine_hireme',
    'menuid' => '408084710',
    'from' => 'owMq5wMBeNntNK7kVrENU_NtuW1U',
    'to' => 'gh_d08df8dd58c3',
    'time' => '1477892769',
    'type' => 'text',
    'content' => 'http://jwschool.cn/app/index.php?i=2&c=entry&do=usercenter&m=sunshine_hireme',
    'redirection' => true,
    'source' => 'VIEW',
  ),
)

2016-10-31 13:46:09 response :
------------

2016-10-31 13:48:28 trace :
------------
String:
<xml><ToUserName><![CDATA[gh_d08df8dd58c3]]></ToUserName>
<FromUserName><![CDATA[owMq5wHWj0K3-KPWf0tr5rYaEYFw]]></FromUserName>
<CreateTime>1477892907</CreateTime>
<MsgType><![CDATA[event]]></MsgType>
<Event><![CDATA[LOCATION]]></Event>
<Latitude>30.256744</Latitude>
<Longitude>119.718201</Longitude>
<Precision>30.000000</Precision>
</xml>

2016-10-31 13:48:28 params :
------------
String:
array (
  'message' => 
  array (
    'tousername' => 'gh_d08df8dd58c3',
    'fromusername' => 'owMq5wHWj0K3-KPWf0tr5rYaEYFw',
    'createtime' => '1477892907',
    'msgtype' => 'event',
    'event' => 'LOCATION',
    'latitude' => '30.256744',
    'longitude' => '119.718201',
    'precision' => '30.000000',
    'from' => 'owMq5wHWj0K3-KPWf0tr5rYaEYFw',
    'to' => 'gh_d08df8dd58c3',
    'time' => '1477892907',
    'type' => 'trace',
    'location_x' => '30.256744',
    'location_y' => '119.718201',
  ),
  'module' => 'default',
  'rule' => '-1',
)

2016-10-31 13:48:28 response :
------------
Array:
errno : -1 ;
message : Invaild value ;

2016-10-31 18:01:33 trace :
------------
String:
<xml><ToUserName><![CDATA[gh_d08df8dd58c3]]></ToUserName>
<FromUserName><![CDATA[owMq5wHWj0K3-KPWf0tr5rYaEYFw]]></FromUserName>
<CreateTime>1477908093</CreateTime>
<MsgType><![CDATA[event]]></MsgType>
<Event><![CDATA[LOCATION]]></Event>
<Latitude>30.256611</Latitude>
<Longitude>119.718178</Longitude>
<Precision>65.000000</Precision>
</xml>

2016-10-31 18:01:33 params :
------------
String:
array (
  'message' => 
  array (
    'tousername' => 'gh_d08df8dd58c3',
    'fromusername' => 'owMq5wHWj0K3-KPWf0tr5rYaEYFw',
    'createtime' => '1477908093',
    'msgtype' => 'event',
    'event' => 'LOCATION',
    'latitude' => '30.256611',
    'longitude' => '119.718178',
    'precision' => '65.000000',
    'from' => 'owMq5wHWj0K3-KPWf0tr5rYaEYFw',
    'to' => 'gh_d08df8dd58c3',
    'time' => '1477908093',
    'type' => 'trace',
    'location_x' => '30.256611',
    'location_y' => '119.718178',
  ),
  'module' => 'default',
  'rule' => '-1',
)

2016-10-31 18:01:33 response :
------------
Array:
errno : -1 ;
message : Invaild value ;

2016-10-31 18:01:34 trace :
------------
String:
<xml><ToUserName><![CDATA[gh_d08df8dd58c3]]></ToUserName>
<FromUserName><![CDATA[owMq5wHWj0K3-KPWf0tr5rYaEYFw]]></FromUserName>
<CreateTime>1477908094</CreateTime>
<MsgType><![CDATA[event]]></MsgType>
<Event><![CDATA[VIEW]]></Event>
<EventKey><![CDATA[http://jwschool.cn/app/index.php?i=2&c=entry&do=index&m=sunshine_hireme]]></EventKey>
<MenuId>408084710</MenuId>
</xml>

2016-10-31 18:01:34 params :
------------
String:
array (
  'rule' => -2,
  'module' => '',
  'message' => 
  array (
    'tousername' => 'gh_d08df8dd58c3',
    'fromusername' => 'owMq5wHWj0K3-KPWf0tr5rYaEYFw',
    'createtime' => '1477908094',
    'msgtype' => 'event',
    'event' => 'VIEW',
    'eventkey' => 'http://jwschool.cn/app/index.php?i=2&c=entry&do=index&m=sunshine_hireme',
    'menuid' => '408084710',
    'from' => 'owMq5wHWj0K3-KPWf0tr5rYaEYFw',
    'to' => 'gh_d08df8dd58c3',
    'time' => '1477908094',
    'type' => 'text',
    'content' => 'http://jwschool.cn/app/index.php?i=2&c=entry&do=index&m=sunshine_hireme',
    'redirection' => true,
    'source' => 'VIEW',
  ),
)

2016-10-31 18:01:34 response :
------------

2016-10-31 18:02:04 trace :
------------
String:
<xml><ToUserName><![CDATA[gh_d08df8dd58c3]]></ToUserName>
<FromUserName><![CDATA[owMq5wHWj0K3-KPWf0tr5rYaEYFw]]></FromUserName>
<CreateTime>1477908123</CreateTime>
<MsgType><![CDATA[event]]></MsgType>
<Event><![CDATA[VIEW]]></Event>
<EventKey><![CDATA[http://jwschool.cn/app/index.php?i=2&c=entry&do=index&m=sunshine_hireme]]></EventKey>
<MenuId>408084710</MenuId>
</xml>

2016-10-31 18:02:04 params :
------------
String:
array (
  'rule' => -2,
  'module' => '',
  'message' => 
  array (
    'tousername' => 'gh_d08df8dd58c3',
    'fromusername' => 'owMq5wHWj0K3-KPWf0tr5rYaEYFw',
    'createtime' => '1477908123',
    'msgtype' => 'event',
    'event' => 'VIEW',
    'eventkey' => 'http://jwschool.cn/app/index.php?i=2&c=entry&do=index&m=sunshine_hireme',
    'menuid' => '408084710',
    'from' => 'owMq5wHWj0K3-KPWf0tr5rYaEYFw',
    'to' => 'gh_d08df8dd58c3',
    'time' => '1477908123',
    'type' => 'text',
    'content' => 'http://jwschool.cn/app/index.php?i=2&c=entry&do=index&m=sunshine_hireme',
    'redirection' => true,
    'source' => 'VIEW',
  ),
)

2016-10-31 18:02:04 response :
------------

2016-10-31 18:27:10 trace :
------------
String:
<xml><ToUserName><![CDATA[gh_d08df8dd58c3]]></ToUserName>
<FromUserName><![CDATA[owMq5wHWj0K3-KPWf0tr5rYaEYFw]]></FromUserName>
<CreateTime>1477909629</CreateTime>
<MsgType><![CDATA[event]]></MsgType>
<Event><![CDATA[LOCATION]]></Event>
<Latitude>30.256598</Latitude>
<Longitude>119.718170</Longitude>
<Precision>65.000000</Precision>
</xml>

2016-10-31 18:27:10 params :
------------
String:
array (
  'message' => 
  array (
    'tousername' => 'gh_d08df8dd58c3',
    'fromusername' => 'owMq5wHWj0K3-KPWf0tr5rYaEYFw',
    'createtime' => '1477909629',
    'msgtype' => 'event',
    'event' => 'LOCATION',
    'latitude' => '30.256598',
    'longitude' => '119.718170',
    'precision' => '65.000000',
    'from' => 'owMq5wHWj0K3-KPWf0tr5rYaEYFw',
    'to' => 'gh_d08df8dd58c3',
    'time' => '1477909629',
    'type' => 'trace',
    'location_x' => '30.256598',
    'location_y' => '119.718170',
  ),
  'module' => 'default',
  'rule' => '-1',
)

2016-10-31 18:27:10 response :
------------
Array:
errno : -1 ;
message : Invaild value ;

2016-10-31 18:27:10 trace :
------------
String:
<xml><ToUserName><![CDATA[gh_d08df8dd58c3]]></ToUserName>
<FromUserName><![CDATA[owMq5wHWj0K3-KPWf0tr5rYaEYFw]]></FromUserName>
<CreateTime>1477909630</CreateTime>
<MsgType><![CDATA[event]]></MsgType>
<Event><![CDATA[VIEW]]></Event>
<EventKey><![CDATA[http://jwschool.cn/app/index.php?i=2&c=entry&do=index&m=sunshine_hireme]]></EventKey>
<MenuId>408084710</MenuId>
</xml>

2016-10-31 18:27:10 params :
------------
String:
array (
  'rule' => -2,
  'module' => '',
  'message' => 
  array (
    'tousername' => 'gh_d08df8dd58c3',
    'fromusername' => 'owMq5wHWj0K3-KPWf0tr5rYaEYFw',
    'createtime' => '1477909630',
    'msgtype' => 'event',
    'event' => 'VIEW',
    'eventkey' => 'http://jwschool.cn/app/index.php?i=2&c=entry&do=index&m=sunshine_hireme',
    'menuid' => '408084710',
    'from' => 'owMq5wHWj0K3-KPWf0tr5rYaEYFw',
    'to' => 'gh_d08df8dd58c3',
    'time' => '1477909630',
    'type' => 'text',
    'content' => 'http://jwschool.cn/app/index.php?i=2&c=entry&do=index&m=sunshine_hireme',
    'redirection' => true,
    'source' => 'VIEW',
  ),
)

2016-10-31 18:27:10 response :
------------

2016-10-31 19:35:27 trace :
------------
String:
<xml><ToUserName><![CDATA[gh_d08df8dd58c3]]></ToUserName>
<FromUserName><![CDATA[owMq5wHWj0K3-KPWf0tr5rYaEYFw]]></FromUserName>
<CreateTime>1477913726</CreateTime>
<MsgType><![CDATA[event]]></MsgType>
<Event><![CDATA[LOCATION]]></Event>
<Latitude>30.256590</Latitude>
<Longitude>119.718048</Longitude>
<Precision>65.000000</Precision>
</xml>

2016-10-31 19:35:27 params :
------------
String:
array (
  'message' => 
  array (
    'tousername' => 'gh_d08df8dd58c3',
    'fromusername' => 'owMq5wHWj0K3-KPWf0tr5rYaEYFw',
    'createtime' => '1477913726',
    'msgtype' => 'event',
    'event' => 'LOCATION',
    'latitude' => '30.256590',
    'longitude' => '119.718048',
    'precision' => '65.000000',
    'from' => 'owMq5wHWj0K3-KPWf0tr5rYaEYFw',
    'to' => 'gh_d08df8dd58c3',
    'time' => '1477913726',
    'type' => 'trace',
    'location_x' => '30.256590',
    'location_y' => '119.718048',
  ),
  'module' => 'default',
  'rule' => '-1',
)

2016-10-31 19:35:27 response :
------------
Array:
errno : -1 ;
message : Invaild value ;

2016-10-31 19:43:02 trace :
------------
String:
<xml><ToUserName><![CDATA[gh_d08df8dd58c3]]></ToUserName>
<FromUserName><![CDATA[owMq5wHWj0K3-KPWf0tr5rYaEYFw]]></FromUserName>
<CreateTime>1477914181</CreateTime>
<MsgType><![CDATA[event]]></MsgType>
<Event><![CDATA[unsubscribe]]></Event>
<EventKey><![CDATA[]]></EventKey>
</xml>

2016-10-31 19:43:13 trace :
------------
String:
<xml><ToUserName><![CDATA[gh_d08df8dd58c3]]></ToUserName>
<FromUserName><![CDATA[owMq5wHWj0K3-KPWf0tr5rYaEYFw]]></FromUserName>
<CreateTime>1477914192</CreateTime>
<MsgType><![CDATA[event]]></MsgType>
<Event><![CDATA[subscribe]]></Event>
<EventKey><![CDATA[last_trade_no_4003692001201610318255425557]]></EventKey>
</xml>

2016-10-31 19:43:13 params :
------------
String:
array (
  'message' => 
  array (
    'tousername' => 'gh_d08df8dd58c3',
    'fromusername' => 'owMq5wHWj0K3-KPWf0tr5rYaEYFw',
    'createtime' => '1477914192',
    'msgtype' => 'event',
    'event' => 'subscribe',
    'eventkey' => 'last_trade_no_4003692001201610318255425557',
    'from' => 'owMq5wHWj0K3-KPWf0tr5rYaEYFw',
    'to' => 'gh_d08df8dd58c3',
    'time' => '1477914192',
    'type' => 'text',
    'scene' => 'last_trade_no_4003692001201610318255425557',
    'redirection' => true,
    'source' => 'subscribe',
    'content' => '关注回复',
  ),
  'module' => 'basic',
  'rule' => '10',
  'priority' => '0',
  'keyword' => 
  array (
    'id' => '14',
    'rid' => '10',
    'uniacid' => '2',
    'module' => 'basic',
    'content' => '关注回复',
    'type' => '1',
    'displayorder' => '0',
    'status' => '1',
  ),
)

2016-10-31 19:43:13 response :
------------
Array:
FromUserName : gh_d08df8dd58c3 ;
ToUserName : owMq5wHWj0K3-KPWf0tr5rYaEYFw ;
MsgType : text ;
Content : 【简玩文化】专注年轻人，营造安全、健康的社区交友文化，在这里，你可以租一个人聊天、看电影、租跑步、租兼职、租个学霸给你补课，甚至谈恋爱哦！当然，你也可以出租自己，欢迎加入我们。
——回复“简玩”，马上开始 ;

2016-10-31 19:43:16 trace :
------------
String:
<xml><ToUserName><![CDATA[gh_d08df8dd58c3]]></ToUserName>
<FromUserName><![CDATA[owMq5wHWj0K3-KPWf0tr5rYaEYFw]]></FromUserName>
<CreateTime>1477914195</CreateTime>
<MsgType><![CDATA[event]]></MsgType>
<Event><![CDATA[LOCATION]]></Event>
<Latitude>30.256622</Latitude>
<Longitude>119.718277</Longitude>
<Precision>65.000000</Precision>
</xml>

2016-10-31 19:43:16 params :
------------
String:
array (
  'message' => 
  array (
    'tousername' => 'gh_d08df8dd58c3',
    'fromusername' => 'owMq5wHWj0K3-KPWf0tr5rYaEYFw',
    'createtime' => '1477914195',
    'msgtype' => 'event',
    'event' => 'LOCATION',
    'latitude' => '30.256622',
    'longitude' => '119.718277',
    'precision' => '65.000000',
    'from' => 'owMq5wHWj0K3-KPWf0tr5rYaEYFw',
    'to' => 'gh_d08df8dd58c3',
    'time' => '1477914195',
    'type' => 'trace',
    'location_x' => '30.256622',
    'location_y' => '119.718277',
  ),
  'module' => 'default',
  'rule' => '-1',
)

2016-10-31 19:43:16 response :
------------
Array:
errno : -1 ;
message : Invaild value ;

2016-10-31 19:46:19 trace :
------------
String:
<xml><ToUserName><![CDATA[gh_d08df8dd58c3]]></ToUserName>
<FromUserName><![CDATA[owMq5wHWj0K3-KPWf0tr5rYaEYFw]]></FromUserName>
<CreateTime>1477914378</CreateTime>
<MsgType><![CDATA[event]]></MsgType>
<Event><![CDATA[unsubscribe]]></Event>
<EventKey><![CDATA[]]></EventKey>
</xml>

2016-10-31 19:46:34 trace :
------------
String:
<xml><ToUserName><![CDATA[gh_d08df8dd58c3]]></ToUserName>
<FromUserName><![CDATA[owMq5wHWj0K3-KPWf0tr5rYaEYFw]]></FromUserName>
<CreateTime>1477914393</CreateTime>
<MsgType><![CDATA[event]]></MsgType>
<Event><![CDATA[subscribe]]></Event>
<EventKey><![CDATA[last_trade_no_4003692001201610318255425557]]></EventKey>
</xml>

2016-10-31 19:46:34 params :
------------
String:
array (
  'message' => 
  array (
    'tousername' => 'gh_d08df8dd58c3',
    'fromusername' => 'owMq5wHWj0K3-KPWf0tr5rYaEYFw',
    'createtime' => '1477914393',
    'msgtype' => 'event',
    'event' => 'subscribe',
    'eventkey' => 'last_trade_no_4003692001201610318255425557',
    'from' => 'owMq5wHWj0K3-KPWf0tr5rYaEYFw',
    'to' => 'gh_d08df8dd58c3',
    'time' => '1477914393',
    'type' => 'text',
    'scene' => 'last_trade_no_4003692001201610318255425557',
    'redirection' => true,
    'source' => 'subscribe',
    'content' => '关注回复',
  ),
  'module' => 'basic',
  'rule' => '10',
  'priority' => '0',
  'keyword' => 
  array (
    'id' => '18',
    'rid' => '10',
    'uniacid' => '2',
    'module' => 'basic',
    'content' => '关注回复',
    'type' => '1',
    'displayorder' => '0',
    'status' => '1',
  ),
)

2016-10-31 19:46:34 response :
------------
Array:
FromUserName : gh_d08df8dd58c3 ;
ToUserName : owMq5wHWj0K3-KPWf0tr5rYaEYFw ;
MsgType : text ;
Content : 【简玩文化】专注年轻人，营造安全、健康的社区交友文化，在这里，你可以租一个人聊天、看电影、租跑步、租兼职、租个学霸给你补课，甚至谈恋爱哦！当然，你也可以出租自己，欢迎加入我们。

——马上开始 ;

2016-10-31 19:46:36 trace :
------------
String:
<xml><ToUserName><![CDATA[gh_d08df8dd58c3]]></ToUserName>
<FromUserName><![CDATA[owMq5wHWj0K3-KPWf0tr5rYaEYFw]]></FromUserName>
<CreateTime>1477914396</CreateTime>
<MsgType><![CDATA[event]]></MsgType>
<Event><![CDATA[LOCATION]]></Event>
<Latitude>30.256601</Latitude>
<Longitude>119.718208</Longitude>
<Precision>65.000000</Precision>
</xml>

2016-10-31 19:46:36 params :
------------
String:
array (
  'message' => 
  array (
    'tousername' => 'gh_d08df8dd58c3',
    'fromusername' => 'owMq5wHWj0K3-KPWf0tr5rYaEYFw',
    'createtime' => '1477914396',
    'msgtype' => 'event',
    'event' => 'LOCATION',
    'latitude' => '30.256601',
    'longitude' => '119.718208',
    'precision' => '65.000000',
    'from' => 'owMq5wHWj0K3-KPWf0tr5rYaEYFw',
    'to' => 'gh_d08df8dd58c3',
    'time' => '1477914396',
    'type' => 'trace',
    'location_x' => '30.256601',
    'location_y' => '119.718208',
  ),
  'module' => 'default',
  'rule' => '-1',
)

2016-10-31 19:46:36 response :
------------
Array:
errno : -1 ;
message : Invaild value ;

2016-10-31 19:46:55 trace :
------------
String:
<xml><ToUserName><![CDATA[gh_d08df8dd58c3]]></ToUserName>
<FromUserName><![CDATA[owMq5wHWj0K3-KPWf0tr5rYaEYFw]]></FromUserName>
<CreateTime>1477914414</CreateTime>
<MsgType><![CDATA[event]]></MsgType>
<Event><![CDATA[unsubscribe]]></Event>
<EventKey><![CDATA[]]></EventKey>
</xml>

2016-10-31 19:47:06 trace :
------------
String:
<xml><ToUserName><![CDATA[gh_d08df8dd58c3]]></ToUserName>
<FromUserName><![CDATA[owMq5wHWj0K3-KPWf0tr5rYaEYFw]]></FromUserName>
<CreateTime>1477914425</CreateTime>
<MsgType><![CDATA[event]]></MsgType>
<Event><![CDATA[subscribe]]></Event>
<EventKey><![CDATA[last_trade_no_4003692001201610318255425557]]></EventKey>
</xml>

2016-10-31 19:47:06 params :
------------
String:
array (
  'message' => 
  array (
    'tousername' => 'gh_d08df8dd58c3',
    'fromusername' => 'owMq5wHWj0K3-KPWf0tr5rYaEYFw',
    'createtime' => '1477914425',
    'msgtype' => 'event',
    'event' => 'subscribe',
    'eventkey' => 'last_trade_no_4003692001201610318255425557',
    'from' => 'owMq5wHWj0K3-KPWf0tr5rYaEYFw',
    'to' => 'gh_d08df8dd58c3',
    'time' => '1477914425',
    'type' => 'text',
    'scene' => 'last_trade_no_4003692001201610318255425557',
    'redirection' => true,
    'source' => 'subscribe',
    'content' => '关注回复',
  ),
  'module' => 'basic',
  'rule' => '10',
  'priority' => '0',
  'keyword' => 
  array (
    'id' => '19',
    'rid' => '10',
    'uniacid' => '2',
    'module' => 'basic',
    'content' => '关注回复',
    'type' => '1',
    'displayorder' => '0',
    'status' => '1',
  ),
)

2016-10-31 19:47:06 response :
------------
Array:
FromUserName : gh_d08df8dd58c3 ;
ToUserName : owMq5wHWj0K3-KPWf0tr5rYaEYFw ;
MsgType : text ;
Content : 【简玩文化】专注年轻人，营造安全、健康的社区交友文化，在这里，你可以租一个人聊天、看电影、租跑步、租兼职、租个学霸给你补课，甚至谈恋爱哦！

当然，你也可以出租自己，欢迎加入我们。

——马上开始 ;

2016-10-31 19:47:10 trace :
------------
String:
<xml><ToUserName><![CDATA[gh_d08df8dd58c3]]></ToUserName>
<FromUserName><![CDATA[owMq5wHWj0K3-KPWf0tr5rYaEYFw]]></FromUserName>
<CreateTime>1477914429</CreateTime>
<MsgType><![CDATA[event]]></MsgType>
<Event><![CDATA[LOCATION]]></Event>
<Latitude>30.256603</Latitude>
<Longitude>119.718216</Longitude>
<Precision>65.000000</Precision>
</xml>

2016-10-31 19:47:10 params :
------------
String:
array (
  'message' => 
  array (
    'tousername' => 'gh_d08df8dd58c3',
    'fromusername' => 'owMq5wHWj0K3-KPWf0tr5rYaEYFw',
    'createtime' => '1477914429',
    'msgtype' => 'event',
    'event' => 'LOCATION',
    'latitude' => '30.256603',
    'longitude' => '119.718216',
    'precision' => '65.000000',
    'from' => 'owMq5wHWj0K3-KPWf0tr5rYaEYFw',
    'to' => 'gh_d08df8dd58c3',
    'time' => '1477914429',
    'type' => 'trace',
    'location_x' => '30.256603',
    'location_y' => '119.718216',
  ),
  'module' => 'default',
  'rule' => '-1',
)

2016-10-31 19:47:10 response :
------------
Array:
errno : -1 ;
message : Invaild value ;

2016-10-31 20:20:20 trace :
------------
String:
<xml><ToUserName><![CDATA[gh_d08df8dd58c3]]></ToUserName>
<FromUserName><![CDATA[owMq5wHWj0K3-KPWf0tr5rYaEYFw]]></FromUserName>
<CreateTime>1477916419</CreateTime>
<MsgType><![CDATA[event]]></MsgType>
<Event><![CDATA[LOCATION]]></Event>
<Latitude>30.256617</Latitude>
<Longitude>119.718323</Longitude>
<Precision>65.000000</Precision>
</xml>

2016-10-31 20:20:20 params :
------------
String:
array (
  'message' => 
  array (
    'tousername' => 'gh_d08df8dd58c3',
    'fromusername' => 'owMq5wHWj0K3-KPWf0tr5rYaEYFw',
    'createtime' => '1477916419',
    'msgtype' => 'event',
    'event' => 'LOCATION',
    'latitude' => '30.256617',
    'longitude' => '119.718323',
    'precision' => '65.000000',
    'from' => 'owMq5wHWj0K3-KPWf0tr5rYaEYFw',
    'to' => 'gh_d08df8dd58c3',
    'time' => '1477916419',
    'type' => 'trace',
    'location_x' => '30.256617',
    'location_y' => '119.718323',
  ),
  'module' => 'default',
  'rule' => '-1',
)

2016-10-31 20:20:20 response :
------------
Array:
errno : -1 ;
message : Invaild value ;

2016-10-31 20:20:22 trace :
------------
String:
<xml><ToUserName><![CDATA[gh_d08df8dd58c3]]></ToUserName>
<FromUserName><![CDATA[owMq5wHWj0K3-KPWf0tr5rYaEYFw]]></FromUserName>
<CreateTime>1477916421</CreateTime>
<MsgType><![CDATA[event]]></MsgType>
<Event><![CDATA[VIEW]]></Event>
<EventKey><![CDATA[http://jwschool.cn/app/index.php?i=2&c=entry&do=usercenter&m=sunshine_hireme]]></EventKey>
<MenuId>408084710</MenuId>
</xml>

2016-10-31 20:20:22 params :
------------
String:
array (
  'message' => 
  array (
    'tousername' => 'gh_d08df8dd58c3',
    'fromusername' => 'owMq5wHWj0K3-KPWf0tr5rYaEYFw',
    'createtime' => '1477916421',
    'msgtype' => 'event',
    'event' => 'VIEW',
    'eventkey' => 'http://jwschool.cn/app/index.php?i=2&c=entry&do=usercenter&m=sunshine_hireme',
    'menuid' => '408084710',
    'from' => 'owMq5wHWj0K3-KPWf0tr5rYaEYFw',
    'to' => 'gh_d08df8dd58c3',
    'time' => '1477916421',
    'type' => 'text',
    'content' => '关注回复',
    'redirection' => true,
    'source' => 'default',
    'original' => 'http://jwschool.cn/app/index.php?i=2&c=entry&do=usercenter&m=sunshine_hireme',
  ),
  'module' => 'basic',
  'rule' => '10',
  'priority' => '0',
  'keyword' => 
  array (
    'id' => '19',
    'rid' => '10',
    'uniacid' => '2',
    'module' => 'basic',
    'content' => '关注回复',
    'type' => '1',
    'displayorder' => '0',
    'status' => '1',
  ),
)

2016-10-31 20:20:22 response :
------------
Array:
FromUserName : gh_d08df8dd58c3 ;
ToUserName : owMq5wHWj0K3-KPWf0tr5rYaEYFw ;
MsgType : text ;
Content : 【简玩文化】专注年轻人，营造安全、健康的社区交友文化，在这里，你可以租一个人聊天、看电影、租跑步、租兼职、租个学霸给你补课，甚至谈恋爱哦！

当然，你也可以出租自己，欢迎加入我们。

——马上开始 ;

2016-10-31 20:24:00 trace :
------------
String:
<xml><ToUserName><![CDATA[gh_d08df8dd58c3]]></ToUserName>
<FromUserName><![CDATA[owMq5wHWj0K3-KPWf0tr5rYaEYFw]]></FromUserName>
<CreateTime>1477916639</CreateTime>
<MsgType><![CDATA[event]]></MsgType>
<Event><![CDATA[VIEW]]></Event>
<EventKey><![CDATA[http://jwschool.cn/app/index.php?i=2&c=entry&do=index&m=sunshine_hireme]]></EventKey>
<MenuId>408084710</MenuId>
</xml>

2016-10-31 20:24:00 params :
------------
String:
array (
  'message' => 
  array (
    'tousername' => 'gh_d08df8dd58c3',
    'fromusername' => 'owMq5wHWj0K3-KPWf0tr5rYaEYFw',
    'createtime' => '1477916639',
    'msgtype' => 'event',
    'event' => 'VIEW',
    'eventkey' => 'http://jwschool.cn/app/index.php?i=2&c=entry&do=index&m=sunshine_hireme',
    'menuid' => '408084710',
    'from' => 'owMq5wHWj0K3-KPWf0tr5rYaEYFw',
    'to' => 'gh_d08df8dd58c3',
    'time' => '1477916639',
    'type' => 'text',
    'content' => '关注回复',
    'redirection' => true,
    'source' => 'default',
    'original' => 'http://jwschool.cn/app/index.php?i=2&c=entry&do=index&m=sunshine_hireme',
  ),
  'module' => 'basic',
  'rule' => '10',
  'priority' => '0',
  'keyword' => 
  array (
    'id' => '19',
    'rid' => '10',
    'uniacid' => '2',
    'module' => 'basic',
    'content' => '关注回复',
    'type' => '1',
    'displayorder' => '0',
    'status' => '1',
  ),
)

2016-10-31 20:24:00 response :
------------
Array:
FromUserName : gh_d08df8dd58c3 ;
ToUserName : owMq5wHWj0K3-KPWf0tr5rYaEYFw ;
MsgType : text ;
Content : 【简玩文化】专注年轻人，营造安全、健康的社区交友文化，在这里，你可以租一个人聊天、看电影、租跑步、租兼职、租个学霸给你补课，甚至谈恋爱哦！

当然，你也可以出租自己，欢迎加入我们。

——马上开始 ;

2016-10-31 20:27:25 pay :
------------
String:
array (
  'appid' => 'wx0826dcd5d961013c',
  'attach' => '2',
  'bank_type' => 'CCB_DEBIT',
  'cash_fee' => '200',
  'fee_type' => 'CNY',
  'is_subscribe' => 'Y',
  'mch_id' => '1349301601',
  'nonce_str' => 'iZ33adup',
  'openid' => 'owMq5wBCeUuJzMtdqsmREdl-nFDU',
  'out_trade_no' => '2016103120270500001648756968',
  'result_code' => 'SUCCESS',
  'return_code' => 'SUCCESS',
  'sign' => '20209DB10CE2798E16B0FD4D85516612',
  'time_end' => '20161031202724',
  'total_fee' => '200',
  'trade_type' => 'JSAPI',
  'transaction_id' => '4002812001201610318295431503',
)

2016-10-31 20:27:31 trace :
------------
String:
<xml><ToUserName><![CDATA[gh_d08df8dd58c3]]></ToUserName>
<FromUserName><![CDATA[owMq5wHWj0K3-KPWf0tr5rYaEYFw]]></FromUserName>
<CreateTime>1477916850</CreateTime>
<MsgType><![CDATA[event]]></MsgType>
<Event><![CDATA[VIEW]]></Event>
<EventKey><![CDATA[http://jwschool.cn/app/index.php?i=2&c=entry&do=usercenter&m=sunshine_hireme]]></EventKey>
<MenuId>408084710</MenuId>
</xml>

2016-10-31 20:27:31 params :
------------
String:
array (
  'message' => 
  array (
    'tousername' => 'gh_d08df8dd58c3',
    'fromusername' => 'owMq5wHWj0K3-KPWf0tr5rYaEYFw',
    'createtime' => '1477916850',
    'msgtype' => 'event',
    'event' => 'VIEW',
    'eventkey' => 'http://jwschool.cn/app/index.php?i=2&c=entry&do=usercenter&m=sunshine_hireme',
    'menuid' => '408084710',
    'from' => 'owMq5wHWj0K3-KPWf0tr5rYaEYFw',
    'to' => 'gh_d08df8dd58c3',
    'time' => '1477916850',
    'type' => 'text',
    'content' => '关注回复',
    'redirection' => true,
    'source' => 'default',
    'original' => 'http://jwschool.cn/app/index.php?i=2&c=entry&do=usercenter&m=sunshine_hireme',
  ),
  'module' => 'basic',
  'rule' => '10',
  'priority' => '0',
  'keyword' => 
  array (
    'id' => '19',
    'rid' => '10',
    'uniacid' => '2',
    'module' => 'basic',
    'content' => '关注回复',
    'type' => '1',
    'displayorder' => '0',
    'status' => '1',
  ),
)

2016-10-31 20:27:31 response :
------------
Array:
FromUserName : gh_d08df8dd58c3 ;
ToUserName : owMq5wHWj0K3-KPWf0tr5rYaEYFw ;
MsgType : text ;
Content : 【简玩文化】专注年轻人，营造安全、健康的社区交友文化，在这里，你可以租一个人聊天、看电影、租跑步、租兼职、租个学霸给你补课，甚至谈恋爱哦！

当然，你也可以出租自己，欢迎加入我们。

——马上开始 ;

2016-10-31 20:28:26 pay :
------------
String:
array (
  'appid' => 'wx0826dcd5d961013c',
  'attach' => '2',
  'bank_type' => 'CCB_DEBIT',
  'cash_fee' => '200',
  'fee_type' => 'CNY',
  'is_subscribe' => 'Y',
  'mch_id' => '1349301601',
  'nonce_str' => 'o6F09fvw',
  'openid' => 'owMq5wBCeUuJzMtdqsmREdl-nFDU',
  'out_trade_no' => '2016103120281200001694498449',
  'result_code' => 'SUCCESS',
  'return_code' => 'SUCCESS',
  'sign' => '85A8D714323FE805F08E3945907CF568',
  'time_end' => '20161031202824',
  'total_fee' => '200',
  'trade_type' => 'JSAPI',
  'transaction_id' => '4002812001201610318295498268',
)

2016-10-31 20:28:30 trace :
------------
String:
<xml><ToUserName><![CDATA[gh_d08df8dd58c3]]></ToUserName>
<FromUserName><![CDATA[owMq5wHWj0K3-KPWf0tr5rYaEYFw]]></FromUserName>
<CreateTime>1477916909</CreateTime>
<MsgType><![CDATA[event]]></MsgType>
<Event><![CDATA[VIEW]]></Event>
<EventKey><![CDATA[http://jwschool.cn/app/index.php?i=2&c=entry&do=usercenter&m=sunshine_hireme]]></EventKey>
<MenuId>408084710</MenuId>
</xml>

2016-10-31 20:28:30 params :
------------
String:
array (
  'message' => 
  array (
    'tousername' => 'gh_d08df8dd58c3',
    'fromusername' => 'owMq5wHWj0K3-KPWf0tr5rYaEYFw',
    'createtime' => '1477916909',
    'msgtype' => 'event',
    'event' => 'VIEW',
    'eventkey' => 'http://jwschool.cn/app/index.php?i=2&c=entry&do=usercenter&m=sunshine_hireme',
    'menuid' => '408084710',
    'from' => 'owMq5wHWj0K3-KPWf0tr5rYaEYFw',
    'to' => 'gh_d08df8dd58c3',
    'time' => '1477916909',
    'type' => 'text',
    'content' => '关注回复',
    'redirection' => true,
    'source' => 'default',
    'original' => 'http://jwschool.cn/app/index.php?i=2&c=entry&do=usercenter&m=sunshine_hireme',
  ),
  'module' => 'basic',
  'rule' => '10',
  'priority' => '0',
  'keyword' => 
  array (
    'id' => '19',
    'rid' => '10',
    'uniacid' => '2',
    'module' => 'basic',
    'content' => '关注回复',
    'type' => '1',
    'displayorder' => '0',
    'status' => '1',
  ),
)

2016-10-31 20:28:30 response :
------------
Array:
FromUserName : gh_d08df8dd58c3 ;
ToUserName : owMq5wHWj0K3-KPWf0tr5rYaEYFw ;
MsgType : text ;
Content : 【简玩文化】专注年轻人，营造安全、健康的社区交友文化，在这里，你可以租一个人聊天、看电影、租跑步、租兼职、租个学霸给你补课，甚至谈恋爱哦！

当然，你也可以出租自己，欢迎加入我们。

——马上开始 ;

2016-10-31 20:30:26 trace :
------------
String:
<xml><ToUserName><![CDATA[gh_d08df8dd58c3]]></ToUserName>
<FromUserName><![CDATA[owMq5wMBeNntNK7kVrENU_NtuW1U]]></FromUserName>
<CreateTime>1477917026</CreateTime>
<MsgType><![CDATA[event]]></MsgType>
<Event><![CDATA[LOCATION]]></Event>
<Latitude>30.256617</Latitude>
<Longitude>119.718193</Longitude>
<Precision>65.000000</Precision>
</xml>

2016-10-31 20:30:26 params :
------------
String:
array (
  'message' => 
  array (
    'tousername' => 'gh_d08df8dd58c3',
    'fromusername' => 'owMq5wMBeNntNK7kVrENU_NtuW1U',
    'createtime' => '1477917026',
    'msgtype' => 'event',
    'event' => 'LOCATION',
    'latitude' => '30.256617',
    'longitude' => '119.718193',
    'precision' => '65.000000',
    'from' => 'owMq5wMBeNntNK7kVrENU_NtuW1U',
    'to' => 'gh_d08df8dd58c3',
    'time' => '1477917026',
    'type' => 'trace',
    'location_x' => '30.256617',
    'location_y' => '119.718193',
  ),
  'module' => 'default',
  'rule' => '-1',
)

2016-10-31 20:30:26 response :
------------
Array:
errno : -1 ;
message : Invaild value ;

2016-10-31 20:30:31 trace :
------------
String:
<xml><ToUserName><![CDATA[gh_d08df8dd58c3]]></ToUserName>
<FromUserName><![CDATA[owMq5wMBeNntNK7kVrENU_NtuW1U]]></FromUserName>
<CreateTime>1477917030</CreateTime>
<MsgType><![CDATA[event]]></MsgType>
<Event><![CDATA[VIEW]]></Event>
<EventKey><![CDATA[http://jwschool.cn/app/index.php?i=2&c=entry&do=usercenter&m=sunshine_hireme]]></EventKey>
<MenuId>408084710</MenuId>
</xml>

2016-10-31 20:30:31 params :
------------
String:
array (
  'message' => 
  array (
    'tousername' => 'gh_d08df8dd58c3',
    'fromusername' => 'owMq5wMBeNntNK7kVrENU_NtuW1U',
    'createtime' => '1477917030',
    'msgtype' => 'event',
    'event' => 'VIEW',
    'eventkey' => 'http://jwschool.cn/app/index.php?i=2&c=entry&do=usercenter&m=sunshine_hireme',
    'menuid' => '408084710',
    'from' => 'owMq5wMBeNntNK7kVrENU_NtuW1U',
    'to' => 'gh_d08df8dd58c3',
    'time' => '1477917030',
    'type' => 'text',
    'content' => '关注回复',
    'redirection' => true,
    'source' => 'default',
    'original' => 'http://jwschool.cn/app/index.php?i=2&c=entry&do=usercenter&m=sunshine_hireme',
  ),
  'module' => 'basic',
  'rule' => '10',
  'priority' => '0',
  'keyword' => 
  array (
    'id' => '19',
    'rid' => '10',
    'uniacid' => '2',
    'module' => 'basic',
    'content' => '关注回复',
    'type' => '1',
    'displayorder' => '0',
    'status' => '1',
  ),
)

2016-10-31 20:30:31 response :
------------
Array:
FromUserName : gh_d08df8dd58c3 ;
ToUserName : owMq5wMBeNntNK7kVrENU_NtuW1U ;
MsgType : text ;
Content : 【简玩文化】专注年轻人，营造安全、健康的社区交友文化，在这里，你可以租一个人聊天、看电影、租跑步、租兼职、租个学霸给你补课，甚至谈恋爱哦！

当然，你也可以出租自己，欢迎加入我们。

——马上开始 ;

2016-10-31 20:34:42 trace :
------------
String:
<xml><ToUserName><![CDATA[gh_d08df8dd58c3]]></ToUserName>
<FromUserName><![CDATA[owMq5wMBeNntNK7kVrENU_NtuW1U]]></FromUserName>
<CreateTime>1477917281</CreateTime>
<MsgType><![CDATA[event]]></MsgType>
<Event><![CDATA[LOCATION]]></Event>
<Latitude>30.256584</Latitude>
<Longitude>119.718208</Longitude>
<Precision>65.000000</Precision>
</xml>

2016-10-31 20:34:42 params :
------------
String:
array (
  'message' => 
  array (
    'tousername' => 'gh_d08df8dd58c3',
    'fromusername' => 'owMq5wMBeNntNK7kVrENU_NtuW1U',
    'createtime' => '1477917281',
    'msgtype' => 'event',
    'event' => 'LOCATION',
    'latitude' => '30.256584',
    'longitude' => '119.718208',
    'precision' => '65.000000',
    'from' => 'owMq5wMBeNntNK7kVrENU_NtuW1U',
    'to' => 'gh_d08df8dd58c3',
    'time' => '1477917281',
    'type' => 'trace',
    'location_x' => '30.256584',
    'location_y' => '119.718208',
  ),
  'module' => 'default',
  'rule' => '-1',
)

2016-10-31 20:34:42 response :
------------
Array:
errno : -1 ;
message : Invaild value ;

2016-10-31 20:34:46 trace :
------------
String:
<xml><ToUserName><![CDATA[gh_d08df8dd58c3]]></ToUserName>
<FromUserName><![CDATA[owMq5wMBeNntNK7kVrENU_NtuW1U]]></FromUserName>
<CreateTime>1477917285</CreateTime>
<MsgType><![CDATA[event]]></MsgType>
<Event><![CDATA[VIEW]]></Event>
<EventKey><![CDATA[http://jwschool.cn/app/index.php?i=2&c=entry&do=usercenter&m=sunshine_hireme]]></EventKey>
<MenuId>408084710</MenuId>
</xml>

2016-10-31 20:34:46 params :
------------
String:
array (
  'message' => 
  array (
    'tousername' => 'gh_d08df8dd58c3',
    'fromusername' => 'owMq5wMBeNntNK7kVrENU_NtuW1U',
    'createtime' => '1477917285',
    'msgtype' => 'event',
    'event' => 'VIEW',
    'eventkey' => 'http://jwschool.cn/app/index.php?i=2&c=entry&do=usercenter&m=sunshine_hireme',
    'menuid' => '408084710',
    'from' => 'owMq5wMBeNntNK7kVrENU_NtuW1U',
    'to' => 'gh_d08df8dd58c3',
    'time' => '1477917285',
    'type' => 'text',
    'content' => '关注回复',
    'redirection' => true,
    'source' => 'default',
    'original' => 'http://jwschool.cn/app/index.php?i=2&c=entry&do=usercenter&m=sunshine_hireme',
  ),
  'module' => 'basic',
  'rule' => '10',
  'priority' => '0',
  'keyword' => 
  array (
    'id' => '19',
    'rid' => '10',
    'uniacid' => '2',
    'module' => 'basic',
    'content' => '关注回复',
    'type' => '1',
    'displayorder' => '0',
    'status' => '1',
  ),
)

2016-10-31 20:34:46 response :
------------
Array:
FromUserName : gh_d08df8dd58c3 ;
ToUserName : owMq5wMBeNntNK7kVrENU_NtuW1U ;
MsgType : text ;
Content : 【简玩文化】专注年轻人，营造安全、健康的社区交友文化，在这里，你可以租一个人聊天、看电影、租跑步、租兼职、租个学霸给你补课，甚至谈恋爱哦！

当然，你也可以出租自己，欢迎加入我们。

——马上开始 ;

2016-10-31 20:34:58 trace :
------------
String:
<xml><ToUserName><![CDATA[gh_d08df8dd58c3]]></ToUserName>
<FromUserName><![CDATA[owMq5wMBeNntNK7kVrENU_NtuW1U]]></FromUserName>
<CreateTime>1477917297</CreateTime>
<MsgType><![CDATA[event]]></MsgType>
<Event><![CDATA[LOCATION]]></Event>
<Latitude>30.256557</Latitude>
<Longitude>119.718048</Longitude>
<Precision>50.000000</Precision>
</xml>

2016-10-31 20:34:58 params :
------------
String:
array (
  'message' => 
  array (
    'tousername' => 'gh_d08df8dd58c3',
    'fromusername' => 'owMq5wMBeNntNK7kVrENU_NtuW1U',
    'createtime' => '1477917297',
    'msgtype' => 'event',
    'event' => 'LOCATION',
    'latitude' => '30.256557',
    'longitude' => '119.718048',
    'precision' => '50.000000',
    'from' => 'owMq5wMBeNntNK7kVrENU_NtuW1U',
    'to' => 'gh_d08df8dd58c3',
    'time' => '1477917297',
    'type' => 'trace',
    'location_x' => '30.256557',
    'location_y' => '119.718048',
  ),
  'module' => 'default',
  'rule' => '-1',
)

2016-10-31 20:34:58 response :
------------
Array:
errno : -1 ;
message : Invaild value ;

2016-10-31 20:35:01 trace :
------------
String:
<xml><ToUserName><![CDATA[gh_d08df8dd58c3]]></ToUserName>
<FromUserName><![CDATA[owMq5wMBeNntNK7kVrENU_NtuW1U]]></FromUserName>
<CreateTime>1477917301</CreateTime>
<MsgType><![CDATA[event]]></MsgType>
<Event><![CDATA[unsubscribe]]></Event>
<EventKey><![CDATA[]]></EventKey>
</xml>

2016-10-31 20:35:26 trace :
------------
String:
<xml><ToUserName><![CDATA[gh_d08df8dd58c3]]></ToUserName>
<FromUserName><![CDATA[owMq5wMBeNntNK7kVrENU_NtuW1U]]></FromUserName>
<CreateTime>1477917325</CreateTime>
<MsgType><![CDATA[event]]></MsgType>
<Event><![CDATA[subscribe]]></Event>
<EventKey><![CDATA[last_trade_no_4008832001201610267788801926]]></EventKey>
</xml>

2016-10-31 20:35:26 params :
------------
String:
array (
  'message' => 
  array (
    'tousername' => 'gh_d08df8dd58c3',
    'fromusername' => 'owMq5wMBeNntNK7kVrENU_NtuW1U',
    'createtime' => '1477917325',
    'msgtype' => 'event',
    'event' => 'subscribe',
    'eventkey' => 'last_trade_no_4008832001201610267788801926',
    'from' => 'owMq5wMBeNntNK7kVrENU_NtuW1U',
    'to' => 'gh_d08df8dd58c3',
    'time' => '1477917325',
    'type' => 'text',
    'scene' => 'last_trade_no_4008832001201610267788801926',
    'redirection' => true,
    'source' => 'subscribe',
    'content' => '关注回复',
  ),
  'module' => 'basic',
  'rule' => '10',
  'priority' => '0',
  'keyword' => 
  array (
    'id' => '19',
    'rid' => '10',
    'uniacid' => '2',
    'module' => 'basic',
    'content' => '关注回复',
    'type' => '1',
    'displayorder' => '0',
    'status' => '1',
  ),
)

2016-10-31 20:35:26 response :
------------
Array:
FromUserName : gh_d08df8dd58c3 ;
ToUserName : owMq5wMBeNntNK7kVrENU_NtuW1U ;
MsgType : text ;
Content : 【简玩文化】专注年轻人，营造安全、健康的社区交友文化，在这里，你可以租一个人聊天、看电影、租跑步、租兼职、租个学霸给你补课，甚至谈恋爱哦！

当然，你也可以出租自己，欢迎加入我们。

——马上开始 ;

2016-10-31 20:35:27 trace :
------------
String:
<xml><ToUserName><![CDATA[gh_d08df8dd58c3]]></ToUserName>
<FromUserName><![CDATA[owMq5wMBeNntNK7kVrENU_NtuW1U]]></FromUserName>
<CreateTime>1477917326</CreateTime>
<MsgType><![CDATA[event]]></MsgType>
<Event><![CDATA[LOCATION]]></Event>
<Latitude>30.256578</Latitude>
<Longitude>119.718193</Longitude>
<Precision>30.000000</Precision>
</xml>

2016-10-31 20:35:27 params :
------------
String:
array (
  'message' => 
  array (
    'tousername' => 'gh_d08df8dd58c3',
    'fromusername' => 'owMq5wMBeNntNK7kVrENU_NtuW1U',
    'createtime' => '1477917326',
    'msgtype' => 'event',
    'event' => 'LOCATION',
    'latitude' => '30.256578',
    'longitude' => '119.718193',
    'precision' => '30.000000',
    'from' => 'owMq5wMBeNntNK7kVrENU_NtuW1U',
    'to' => 'gh_d08df8dd58c3',
    'time' => '1477917326',
    'type' => 'trace',
    'location_x' => '30.256578',
    'location_y' => '119.718193',
  ),
  'module' => 'default',
  'rule' => '-1',
)

2016-10-31 20:35:27 response :
------------
Array:
errno : -1 ;
message : Invaild value ;

2016-10-31 20:35:31 trace :
------------
String:
<xml><ToUserName><![CDATA[gh_d08df8dd58c3]]></ToUserName>
<FromUserName><![CDATA[owMq5wMBeNntNK7kVrENU_NtuW1U]]></FromUserName>
<CreateTime>1477917330</CreateTime>
<MsgType><![CDATA[event]]></MsgType>
<Event><![CDATA[VIEW]]></Event>
<EventKey><![CDATA[http://jwschool.cn/app/index.php?i=2&c=entry&do=index&m=sunshine_hireme]]></EventKey>
<MenuId>408084710</MenuId>
</xml>

2016-10-31 20:35:31 params :
------------
String:
array (
  'message' => 
  array (
    'tousername' => 'gh_d08df8dd58c3',
    'fromusername' => 'owMq5wMBeNntNK7kVrENU_NtuW1U',
    'createtime' => '1477917330',
    'msgtype' => 'event',
    'event' => 'VIEW',
    'eventkey' => 'http://jwschool.cn/app/index.php?i=2&c=entry&do=index&m=sunshine_hireme',
    'menuid' => '408084710',
    'from' => 'owMq5wMBeNntNK7kVrENU_NtuW1U',
    'to' => 'gh_d08df8dd58c3',
    'time' => '1477917330',
    'type' => 'text',
    'content' => '关注回复',
    'redirection' => true,
    'source' => 'default',
    'original' => 'http://jwschool.cn/app/index.php?i=2&c=entry&do=index&m=sunshine_hireme',
  ),
  'module' => 'basic',
  'rule' => '10',
  'priority' => '0',
  'keyword' => 
  array (
    'id' => '19',
    'rid' => '10',
    'uniacid' => '2',
    'module' => 'basic',
    'content' => '关注回复',
    'type' => '1',
    'displayorder' => '0',
    'status' => '1',
  ),
)

2016-10-31 20:35:31 response :
------------
Array:
FromUserName : gh_d08df8dd58c3 ;
ToUserName : owMq5wMBeNntNK7kVrENU_NtuW1U ;
MsgType : text ;
Content : 【简玩文化】专注年轻人，营造安全、健康的社区交友文化，在这里，你可以租一个人聊天、看电影、租跑步、租兼职、租个学霸给你补课，甚至谈恋爱哦！

当然，你也可以出租自己，欢迎加入我们。

——马上开始 ;

2016-10-31 20:38:57 trace :
------------
String:
<xml><ToUserName><![CDATA[gh_d08df8dd58c3]]></ToUserName>
<FromUserName><![CDATA[owMq5wMBeNntNK7kVrENU_NtuW1U]]></FromUserName>
<CreateTime>1477917537</CreateTime>
<MsgType><![CDATA[event]]></MsgType>
<Event><![CDATA[VIEW]]></Event>
<EventKey><![CDATA[http://jwschool.cn/app/index.php?i=2&c=entry&do=index&m=sunshine_hireme]]></EventKey>
<MenuId>408084710</MenuId>
</xml>

2016-10-31 20:38:57 params :
------------
String:
array (
  'message' => 
  array (
    'tousername' => 'gh_d08df8dd58c3',
    'fromusername' => 'owMq5wMBeNntNK7kVrENU_NtuW1U',
    'createtime' => '1477917537',
    'msgtype' => 'event',
    'event' => 'VIEW',
    'eventkey' => 'http://jwschool.cn/app/index.php?i=2&c=entry&do=index&m=sunshine_hireme',
    'menuid' => '408084710',
    'from' => 'owMq5wMBeNntNK7kVrENU_NtuW1U',
    'to' => 'gh_d08df8dd58c3',
    'time' => '1477917537',
    'type' => 'text',
    'content' => '关注回复',
    'redirection' => true,
    'source' => 'default',
    'original' => 'http://jwschool.cn/app/index.php?i=2&c=entry&do=index&m=sunshine_hireme',
  ),
  'module' => 'basic',
  'rule' => '10',
  'priority' => '0',
  'keyword' => 
  array (
    'id' => '19',
    'rid' => '10',
    'uniacid' => '2',
    'module' => 'basic',
    'content' => '关注回复',
    'type' => '1',
    'displayorder' => '0',
    'status' => '1',
  ),
)

2016-10-31 20:38:57 response :
------------
Array:
FromUserName : gh_d08df8dd58c3 ;
ToUserName : owMq5wMBeNntNK7kVrENU_NtuW1U ;
MsgType : text ;
Content : 【简玩文化】专注年轻人，营造安全、健康的社区交友文化，在这里，你可以租一个人聊天、看电影、租跑步、租兼职、租个学霸给你补课，甚至谈恋爱哦！

当然，你也可以出租自己，欢迎加入我们。

——马上开始 ;

2016-10-31 20:39:29 trace :
------------
String:
<xml><ToUserName><![CDATA[gh_d08df8dd58c3]]></ToUserName>
<FromUserName><![CDATA[owMq5wMBeNntNK7kVrENU_NtuW1U]]></FromUserName>
<CreateTime>1477917569</CreateTime>
<MsgType><![CDATA[event]]></MsgType>
<Event><![CDATA[VIEW]]></Event>
<EventKey><![CDATA[http://jwschool.cn/app/index.php?i=2&c=entry&do=index&m=sunshine_hireme]]></EventKey>
<MenuId>408084710</MenuId>
</xml>

2016-10-31 20:39:29 params :
------------
String:
array (
  'message' => 
  array (
    'tousername' => 'gh_d08df8dd58c3',
    'fromusername' => 'owMq5wMBeNntNK7kVrENU_NtuW1U',
    'createtime' => '1477917569',
    'msgtype' => 'event',
    'event' => 'VIEW',
    'eventkey' => 'http://jwschool.cn/app/index.php?i=2&c=entry&do=index&m=sunshine_hireme',
    'menuid' => '408084710',
    'from' => 'owMq5wMBeNntNK7kVrENU_NtuW1U',
    'to' => 'gh_d08df8dd58c3',
    'time' => '1477917569',
    'type' => 'text',
    'content' => '关注回复',
    'redirection' => true,
    'source' => 'default',
    'original' => 'http://jwschool.cn/app/index.php?i=2&c=entry&do=index&m=sunshine_hireme',
  ),
  'module' => 'basic',
  'rule' => '10',
  'priority' => '0',
  'keyword' => 
  array (
    'id' => '19',
    'rid' => '10',
    'uniacid' => '2',
    'module' => 'basic',
    'content' => '关注回复',
    'type' => '1',
    'displayorder' => '0',
    'status' => '1',
  ),
)

2016-10-31 20:39:29 response :
------------
Array:
FromUserName : gh_d08df8dd58c3 ;
ToUserName : owMq5wMBeNntNK7kVrENU_NtuW1U ;
MsgType : text ;
Content : 【简玩文化】专注年轻人，营造安全、健康的社区交友文化，在这里，你可以租一个人聊天、看电影、租跑步、租兼职、租个学霸给你补课，甚至谈恋爱哦！

当然，你也可以出租自己，欢迎加入我们。

——马上开始 ;

2016-10-31 20:41:12 trace :
------------
String:
<xml><ToUserName><![CDATA[gh_d08df8dd58c3]]></ToUserName>
<FromUserName><![CDATA[owMq5wMBeNntNK7kVrENU_NtuW1U]]></FromUserName>
<CreateTime>1477917671</CreateTime>
<MsgType><![CDATA[event]]></MsgType>
<Event><![CDATA[VIEW]]></Event>
<EventKey><![CDATA[http://jwschool.cn/app/index.php?i=2&c=entry&do=usercenter&m=sunshine_hireme]]></EventKey>
<MenuId>408084710</MenuId>
</xml>

2016-10-31 20:41:12 trace :
------------
String:
<xml><ToUserName><![CDATA[gh_d08df8dd58c3]]></ToUserName>
<FromUserName><![CDATA[owMq5wMBeNntNK7kVrENU_NtuW1U]]></FromUserName>
<CreateTime>1477917671</CreateTime>
<MsgType><![CDATA[event]]></MsgType>
<Event><![CDATA[LOCATION]]></Event>
<Latitude>30.256714</Latitude>
<Longitude>119.718300</Longitude>
<Precision>50.000000</Precision>
</xml>

2016-10-31 20:41:12 params :
------------
String:
array (
  'message' => 
  array (
    'tousername' => 'gh_d08df8dd58c3',
    'fromusername' => 'owMq5wMBeNntNK7kVrENU_NtuW1U',
    'createtime' => '1477917671',
    'msgtype' => 'event',
    'event' => 'VIEW',
    'eventkey' => 'http://jwschool.cn/app/index.php?i=2&c=entry&do=usercenter&m=sunshine_hireme',
    'menuid' => '408084710',
    'from' => 'owMq5wMBeNntNK7kVrENU_NtuW1U',
    'to' => 'gh_d08df8dd58c3',
    'time' => '1477917671',
    'type' => 'text',
    'content' => '关注回复',
    'redirection' => true,
    'source' => 'default',
    'original' => 'http://jwschool.cn/app/index.php?i=2&c=entry&do=usercenter&m=sunshine_hireme',
  ),
  'module' => 'basic',
  'rule' => '10',
  'priority' => '0',
  'keyword' => 
  array (
    'id' => '19',
    'rid' => '10',
    'uniacid' => '2',
    'module' => 'basic',
    'content' => '关注回复',
    'type' => '1',
    'displayorder' => '0',
    'status' => '1',
  ),
)

2016-10-31 20:41:12 response :
------------
Array:
FromUserName : gh_d08df8dd58c3 ;
ToUserName : owMq5wMBeNntNK7kVrENU_NtuW1U ;
MsgType : text ;
Content : 【简玩文化】专注年轻人，营造安全、健康的社区交友文化，在这里，你可以租一个人聊天、看电影、租跑步、租兼职、租个学霸给你补课，甚至谈恋爱哦！

当然，你也可以出租自己，欢迎加入我们。

——马上开始 ;

2016-10-31 20:41:12 params :
------------
String:
array (
  'message' => 
  array (
    'tousername' => 'gh_d08df8dd58c3',
    'fromusername' => 'owMq5wMBeNntNK7kVrENU_NtuW1U',
    'createtime' => '1477917671',
    'msgtype' => 'event',
    'event' => 'LOCATION',
    'latitude' => '30.256714',
    'longitude' => '119.718300',
    'precision' => '50.000000',
    'from' => 'owMq5wMBeNntNK7kVrENU_NtuW1U',
    'to' => 'gh_d08df8dd58c3',
    'time' => '1477917671',
    'type' => 'trace',
    'location_x' => '30.256714',
    'location_y' => '119.718300',
  ),
  'module' => 'default',
  'rule' => '-1',
)

2016-10-31 20:41:12 response :
------------
Array:
errno : -1 ;
message : Invaild value ;

2016-10-31 20:41:37 trace :
------------
String:
<xml><ToUserName><![CDATA[gh_d08df8dd58c3]]></ToUserName>
<FromUserName><![CDATA[owMq5wMBeNntNK7kVrENU_NtuW1U]]></FromUserName>
<CreateTime>1477917697</CreateTime>
<MsgType><![CDATA[event]]></MsgType>
<Event><![CDATA[VIEW]]></Event>
<EventKey><![CDATA[http://jwschool.cn/app/index.php?i=2&c=entry&do=usercenter&m=sunshine_hireme]]></EventKey>
<MenuId>408084710</MenuId>
</xml>

2016-10-31 20:41:37 params :
------------
String:
array (
  'message' => 
  array (
    'tousername' => 'gh_d08df8dd58c3',
    'fromusername' => 'owMq5wMBeNntNK7kVrENU_NtuW1U',
    'createtime' => '1477917697',
    'msgtype' => 'event',
    'event' => 'VIEW',
    'eventkey' => 'http://jwschool.cn/app/index.php?i=2&c=entry&do=usercenter&m=sunshine_hireme',
    'menuid' => '408084710',
    'from' => 'owMq5wMBeNntNK7kVrENU_NtuW1U',
    'to' => 'gh_d08df8dd58c3',
    'time' => '1477917697',
    'type' => 'text',
    'content' => '关注回复',
    'redirection' => true,
    'source' => 'default',
    'original' => 'http://jwschool.cn/app/index.php?i=2&c=entry&do=usercenter&m=sunshine_hireme',
  ),
  'module' => 'basic',
  'rule' => '10',
  'priority' => '0',
  'keyword' => 
  array (
    'id' => '19',
    'rid' => '10',
    'uniacid' => '2',
    'module' => 'basic',
    'content' => '关注回复',
    'type' => '1',
    'displayorder' => '0',
    'status' => '1',
  ),
)

2016-10-31 20:41:37 response :
------------
Array:
FromUserName : gh_d08df8dd58c3 ;
ToUserName : owMq5wMBeNntNK7kVrENU_NtuW1U ;
MsgType : text ;
Content : 【简玩文化】专注年轻人，营造安全、健康的社区交友文化，在这里，你可以租一个人聊天、看电影、租跑步、租兼职、租个学霸给你补课，甚至谈恋爱哦！

当然，你也可以出租自己，欢迎加入我们。

——马上开始 ;

2016-10-31 20:42:09 trace :
------------
String:
<xml><ToUserName><![CDATA[gh_d08df8dd58c3]]></ToUserName>
<FromUserName><![CDATA[owMq5wBCeUuJzMtdqsmREdl-nFDU]]></FromUserName>
<CreateTime>1477917728</CreateTime>
<MsgType><![CDATA[event]]></MsgType>
<Event><![CDATA[VIEW]]></Event>
<EventKey><![CDATA[http://jwschool.cn/app/index.php?i=2&c=entry&do=usercenter&m=sunshine_hireme]]></EventKey>
<MenuId>408084710</MenuId>
</xml>

2016-10-31 20:42:09 params :
------------
String:
array (
  'message' => 
  array (
    'tousername' => 'gh_d08df8dd58c3',
    'fromusername' => 'owMq5wBCeUuJzMtdqsmREdl-nFDU',
    'createtime' => '1477917728',
    'msgtype' => 'event',
    'event' => 'VIEW',
    'eventkey' => 'http://jwschool.cn/app/index.php?i=2&c=entry&do=usercenter&m=sunshine_hireme',
    'menuid' => '408084710',
    'from' => 'owMq5wBCeUuJzMtdqsmREdl-nFDU',
    'to' => 'gh_d08df8dd58c3',
    'time' => '1477917728',
    'type' => 'text',
    'content' => '关注回复',
    'redirection' => true,
    'source' => 'default',
    'original' => 'http://jwschool.cn/app/index.php?i=2&c=entry&do=usercenter&m=sunshine_hireme',
  ),
  'module' => 'basic',
  'rule' => '10',
  'priority' => '0',
  'keyword' => 
  array (
    'id' => '19',
    'rid' => '10',
    'uniacid' => '2',
    'module' => 'basic',
    'content' => '关注回复',
    'type' => '1',
    'displayorder' => '0',
    'status' => '1',
  ),
)

2016-10-31 20:42:09 response :
------------
Array:
FromUserName : gh_d08df8dd58c3 ;
ToUserName : owMq5wBCeUuJzMtdqsmREdl-nFDU ;
MsgType : text ;
Content : 【简玩文化】专注年轻人，营造安全、健康的社区交友文化，在这里，你可以租一个人聊天、看电影、租跑步、租兼职、租个学霸给你补课，甚至谈恋爱哦！

当然，你也可以出租自己，欢迎加入我们。

——马上开始 ;

2016-10-31 20:42:50 trace :
------------
String:
<xml><ToUserName><![CDATA[gh_d08df8dd58c3]]></ToUserName>
<FromUserName><![CDATA[owMq5wHWj0K3-KPWf0tr5rYaEYFw]]></FromUserName>
<CreateTime>1477917769</CreateTime>
<MsgType><![CDATA[event]]></MsgType>
<Event><![CDATA[LOCATION]]></Event>
<Latitude>30.256697</Latitude>
<Longitude>119.718185</Longitude>
<Precision>65.000000</Precision>
</xml>

2016-10-31 20:42:50 params :
------------
String:
array (
  'message' => 
  array (
    'tousername' => 'gh_d08df8dd58c3',
    'fromusername' => 'owMq5wHWj0K3-KPWf0tr5rYaEYFw',
    'createtime' => '1477917769',
    'msgtype' => 'event',
    'event' => 'LOCATION',
    'latitude' => '30.256697',
    'longitude' => '119.718185',
    'precision' => '65.000000',
    'from' => 'owMq5wHWj0K3-KPWf0tr5rYaEYFw',
    'to' => 'gh_d08df8dd58c3',
    'time' => '1477917769',
    'type' => 'trace',
    'location_x' => '30.256697',
    'location_y' => '119.718185',
  ),
  'module' => 'default',
  'rule' => '-1',
)

2016-10-31 20:42:50 response :
------------
Array:
errno : -1 ;
message : Invaild value ;

2016-10-31 20:42:51 trace :
------------
String:
<xml><ToUserName><![CDATA[gh_d08df8dd58c3]]></ToUserName>
<FromUserName><![CDATA[owMq5wHWj0K3-KPWf0tr5rYaEYFw]]></FromUserName>
<CreateTime>1477917770</CreateTime>
<MsgType><![CDATA[event]]></MsgType>
<Event><![CDATA[VIEW]]></Event>
<EventKey><![CDATA[http://jwschool.cn/app/index.php?i=2&c=entry&do=index&m=sunshine_hireme]]></EventKey>
<MenuId>408084710</MenuId>
</xml>

2016-10-31 20:42:51 params :
------------
String:
array (
  'message' => 
  array (
    'tousername' => 'gh_d08df8dd58c3',
    'fromusername' => 'owMq5wHWj0K3-KPWf0tr5rYaEYFw',
    'createtime' => '1477917770',
    'msgtype' => 'event',
    'event' => 'VIEW',
    'eventkey' => 'http://jwschool.cn/app/index.php?i=2&c=entry&do=index&m=sunshine_hireme',
    'menuid' => '408084710',
    'from' => 'owMq5wHWj0K3-KPWf0tr5rYaEYFw',
    'to' => 'gh_d08df8dd58c3',
    'time' => '1477917770',
    'type' => 'text',
    'content' => '关注回复',
    'redirection' => true,
    'source' => 'default',
    'original' => 'http://jwschool.cn/app/index.php?i=2&c=entry&do=index&m=sunshine_hireme',
  ),
  'module' => 'basic',
  'rule' => '10',
  'priority' => '0',
  'keyword' => 
  array (
    'id' => '19',
    'rid' => '10',
    'uniacid' => '2',
    'module' => 'basic',
    'content' => '关注回复',
    'type' => '1',
    'displayorder' => '0',
    'status' => '1',
  ),
)

2016-10-31 20:42:51 response :
------------
Array:
FromUserName : gh_d08df8dd58c3 ;
ToUserName : owMq5wHWj0K3-KPWf0tr5rYaEYFw ;
MsgType : text ;
Content : 【简玩文化】专注年轻人，营造安全、健康的社区交友文化，在这里，你可以租一个人聊天、看电影、租跑步、租兼职、租个学霸给你补课，甚至谈恋爱哦！

当然，你也可以出租自己，欢迎加入我们。

——马上开始 ;

2016-10-31 20:44:42 trace :
------------
String:
<xml><ToUserName><![CDATA[gh_d08df8dd58c3]]></ToUserName>
<FromUserName><![CDATA[owMq5wHWj0K3-KPWf0tr5rYaEYFw]]></FromUserName>
<CreateTime>1477917881</CreateTime>
<MsgType><![CDATA[event]]></MsgType>
<Event><![CDATA[LOCATION]]></Event>
<Latitude>30.256563</Latitude>
<Longitude>119.718178</Longitude>
<Precision>65.000000</Precision>
</xml>

2016-10-31 20:44:42 params :
------------
String:
array (
  'message' => 
  array (
    'tousername' => 'gh_d08df8dd58c3',
    'fromusername' => 'owMq5wHWj0K3-KPWf0tr5rYaEYFw',
    'createtime' => '1477917881',
    'msgtype' => 'event',
    'event' => 'LOCATION',
    'latitude' => '30.256563',
    'longitude' => '119.718178',
    'precision' => '65.000000',
    'from' => 'owMq5wHWj0K3-KPWf0tr5rYaEYFw',
    'to' => 'gh_d08df8dd58c3',
    'time' => '1477917881',
    'type' => 'trace',
    'location_x' => '30.256563',
    'location_y' => '119.718178',
  ),
  'module' => 'default',
  'rule' => '-1',
)

2016-10-31 20:44:42 response :
------------
Array:
errno : -1 ;
message : Invaild value ;

2016-10-31 20:44:43 trace :
------------
String:
<xml><ToUserName><![CDATA[gh_d08df8dd58c3]]></ToUserName>
<FromUserName><![CDATA[owMq5wHWj0K3-KPWf0tr5rYaEYFw]]></FromUserName>
<CreateTime>1477917883</CreateTime>
<MsgType><![CDATA[event]]></MsgType>
<Event><![CDATA[VIEW]]></Event>
<EventKey><![CDATA[http://jwschool.cn/app/index.php?i=2&c=entry&do=index&m=sunshine_hireme]]></EventKey>
<MenuId>408084710</MenuId>
</xml>

2016-10-31 20:44:43 params :
------------
String:
array (
  'message' => 
  array (
    'tousername' => 'gh_d08df8dd58c3',
    'fromusername' => 'owMq5wHWj0K3-KPWf0tr5rYaEYFw',
    'createtime' => '1477917883',
    'msgtype' => 'event',
    'event' => 'VIEW',
    'eventkey' => 'http://jwschool.cn/app/index.php?i=2&c=entry&do=index&m=sunshine_hireme',
    'menuid' => '408084710',
    'from' => 'owMq5wHWj0K3-KPWf0tr5rYaEYFw',
    'to' => 'gh_d08df8dd58c3',
    'time' => '1477917883',
    'type' => 'text',
    'content' => '关注回复',
    'redirection' => true,
    'source' => 'default',
    'original' => 'http://jwschool.cn/app/index.php?i=2&c=entry&do=index&m=sunshine_hireme',
  ),
  'module' => 'basic',
  'rule' => '10',
  'priority' => '0',
  'keyword' => 
  array (
    'id' => '19',
    'rid' => '10',
    'uniacid' => '2',
    'module' => 'basic',
    'content' => '关注回复',
    'type' => '1',
    'displayorder' => '0',
    'status' => '1',
  ),
)

2016-10-31 20:44:43 response :
------------
Array:
FromUserName : gh_d08df8dd58c3 ;
ToUserName : owMq5wHWj0K3-KPWf0tr5rYaEYFw ;
MsgType : text ;
Content : 【简玩文化】专注年轻人，营造安全、健康的社区交友文化，在这里，你可以租一个人聊天、看电影、租跑步、租兼职、租个学霸给你补课，甚至谈恋爱哦！

当然，你也可以出租自己，欢迎加入我们。

——马上开始 ;

2016-10-31 20:48:50 trace :
------------
String:
<xml><ToUserName><![CDATA[gh_d08df8dd58c3]]></ToUserName>
<FromUserName><![CDATA[owMq5wHWj0K3-KPWf0tr5rYaEYFw]]></FromUserName>
<CreateTime>1477918129</CreateTime>
<MsgType><![CDATA[event]]></MsgType>
<Event><![CDATA[VIEW]]></Event>
<EventKey><![CDATA[http://jwschool.cn/app/index.php?i=2&c=entry&do=usercenter&m=sunshine_hireme]]></EventKey>
<MenuId>408084710</MenuId>
</xml>

2016-10-31 20:48:50 params :
------------
String:
array (
  'message' => 
  array (
    'tousername' => 'gh_d08df8dd58c3',
    'fromusername' => 'owMq5wHWj0K3-KPWf0tr5rYaEYFw',
    'createtime' => '1477918129',
    'msgtype' => 'event',
    'event' => 'VIEW',
    'eventkey' => 'http://jwschool.cn/app/index.php?i=2&c=entry&do=usercenter&m=sunshine_hireme',
    'menuid' => '408084710',
    'from' => 'owMq5wHWj0K3-KPWf0tr5rYaEYFw',
    'to' => 'gh_d08df8dd58c3',
    'time' => '1477918129',
    'type' => 'text',
    'content' => '关注回复',
    'redirection' => true,
    'source' => 'default',
    'original' => 'http://jwschool.cn/app/index.php?i=2&c=entry&do=usercenter&m=sunshine_hireme',
  ),
  'module' => 'basic',
  'rule' => '10',
  'priority' => '0',
  'keyword' => 
  array (
    'id' => '19',
    'rid' => '10',
    'uniacid' => '2',
    'module' => 'basic',
    'content' => '关注回复',
    'type' => '1',
    'displayorder' => '0',
    'status' => '1',
  ),
)

2016-10-31 20:48:50 response :
------------
Array:
FromUserName : gh_d08df8dd58c3 ;
ToUserName : owMq5wHWj0K3-KPWf0tr5rYaEYFw ;
MsgType : text ;
Content : 【简玩文化】专注年轻人，营造安全、健康的社区交友文化，在这里，你可以租一个人聊天、看电影、租跑步、租兼职、租个学霸给你补课，甚至谈恋爱哦！

当然，你也可以出租自己，欢迎加入我们。

——马上开始 ;

2016-10-31 20:49:29 trace :
------------
String:
<xml><ToUserName><![CDATA[gh_d08df8dd58c3]]></ToUserName>
<FromUserName><![CDATA[owMq5wHWj0K3-KPWf0tr5rYaEYFw]]></FromUserName>
<CreateTime>1477918169</CreateTime>
<MsgType><![CDATA[event]]></MsgType>
<Event><![CDATA[LOCATION]]></Event>
<Latitude>30.256605</Latitude>
<Longitude>119.718193</Longitude>
<Precision>65.000000</Precision>
</xml>

2016-10-31 20:49:29 params :
------------
String:
array (
  'message' => 
  array (
    'tousername' => 'gh_d08df8dd58c3',
    'fromusername' => 'owMq5wHWj0K3-KPWf0tr5rYaEYFw',
    'createtime' => '1477918169',
    'msgtype' => 'event',
    'event' => 'LOCATION',
    'latitude' => '30.256605',
    'longitude' => '119.718193',
    'precision' => '65.000000',
    'from' => 'owMq5wHWj0K3-KPWf0tr5rYaEYFw',
    'to' => 'gh_d08df8dd58c3',
    'time' => '1477918169',
    'type' => 'trace',
    'location_x' => '30.256605',
    'location_y' => '119.718193',
  ),
  'module' => 'default',
  'rule' => '-1',
)

2016-10-31 20:49:29 response :
------------
Array:
errno : -1 ;
message : Invaild value ;

2016-10-31 20:49:31 trace :
------------
String:
<xml><ToUserName><![CDATA[gh_d08df8dd58c3]]></ToUserName>
<FromUserName><![CDATA[owMq5wHWj0K3-KPWf0tr5rYaEYFw]]></FromUserName>
<CreateTime>1477918170</CreateTime>
<MsgType><![CDATA[event]]></MsgType>
<Event><![CDATA[VIEW]]></Event>
<EventKey><![CDATA[http://jwschool.cn/app/index.php?i=2&c=entry&do=index&m=sunshine_hireme]]></EventKey>
<MenuId>408084710</MenuId>
</xml>

2016-10-31 20:49:31 params :
------------
String:
array (
  'message' => 
  array (
    'tousername' => 'gh_d08df8dd58c3',
    'fromusername' => 'owMq5wHWj0K3-KPWf0tr5rYaEYFw',
    'createtime' => '1477918170',
    'msgtype' => 'event',
    'event' => 'VIEW',
    'eventkey' => 'http://jwschool.cn/app/index.php?i=2&c=entry&do=index&m=sunshine_hireme',
    'menuid' => '408084710',
    'from' => 'owMq5wHWj0K3-KPWf0tr5rYaEYFw',
    'to' => 'gh_d08df8dd58c3',
    'time' => '1477918170',
    'type' => 'text',
    'content' => '关注回复',
    'redirection' => true,
    'source' => 'default',
    'original' => 'http://jwschool.cn/app/index.php?i=2&c=entry&do=index&m=sunshine_hireme',
  ),
  'module' => 'basic',
  'rule' => '10',
  'priority' => '0',
  'keyword' => 
  array (
    'id' => '19',
    'rid' => '10',
    'uniacid' => '2',
    'module' => 'basic',
    'content' => '关注回复',
    'type' => '1',
    'displayorder' => '0',
    'status' => '1',
  ),
)

2016-10-31 20:49:31 response :
------------
Array:
FromUserName : gh_d08df8dd58c3 ;
ToUserName : owMq5wHWj0K3-KPWf0tr5rYaEYFw ;
MsgType : text ;
Content : 【简玩文化】专注年轻人，营造安全、健康的社区交友文化，在这里，你可以租一个人聊天、看电影、租跑步、租兼职、租个学霸给你补课，甚至谈恋爱哦！

当然，你也可以出租自己，欢迎加入我们。

——马上开始 ;

2016-10-31 20:50:08 trace :
------------
String:
<xml><ToUserName><![CDATA[gh_d08df8dd58c3]]></ToUserName>
<FromUserName><![CDATA[owMq5wHWj0K3-KPWf0tr5rYaEYFw]]></FromUserName>
<CreateTime>1477918207</CreateTime>
<MsgType><![CDATA[event]]></MsgType>
<Event><![CDATA[VIEW]]></Event>
<EventKey><![CDATA[http://jwschool.cn/app/index.php?i=2&c=entry&do=index&m=sunshine_hireme]]></EventKey>
<MenuId>408084710</MenuId>
</xml>

2016-10-31 20:50:08 params :
------------
String:
array (
  'message' => 
  array (
    'tousername' => 'gh_d08df8dd58c3',
    'fromusername' => 'owMq5wHWj0K3-KPWf0tr5rYaEYFw',
    'createtime' => '1477918207',
    'msgtype' => 'event',
    'event' => 'VIEW',
    'eventkey' => 'http://jwschool.cn/app/index.php?i=2&c=entry&do=index&m=sunshine_hireme',
    'menuid' => '408084710',
    'from' => 'owMq5wHWj0K3-KPWf0tr5rYaEYFw',
    'to' => 'gh_d08df8dd58c3',
    'time' => '1477918207',
    'type' => 'text',
    'content' => '关注回复',
    'redirection' => true,
    'source' => 'default',
    'original' => 'http://jwschool.cn/app/index.php?i=2&c=entry&do=index&m=sunshine_hireme',
  ),
  'module' => 'basic',
  'rule' => '10',
  'priority' => '0',
  'keyword' => 
  array (
    'id' => '19',
    'rid' => '10',
    'uniacid' => '2',
    'module' => 'basic',
    'content' => '关注回复',
    'type' => '1',
    'displayorder' => '0',
    'status' => '1',
  ),
)

2016-10-31 20:50:08 response :
------------
Array:
FromUserName : gh_d08df8dd58c3 ;
ToUserName : owMq5wHWj0K3-KPWf0tr5rYaEYFw ;
MsgType : text ;
Content : 【简玩文化】专注年轻人，营造安全、健康的社区交友文化，在这里，你可以租一个人聊天、看电影、租跑步、租兼职、租个学霸给你补课，甚至谈恋爱哦！

当然，你也可以出租自己，欢迎加入我们。

——马上开始 ;

2016-10-31 20:51:07 pay :
------------
String:
array (
  'appid' => 'wx0826dcd5d961013c',
  'attach' => '2',
  'bank_type' => 'CCB_DEBIT',
  'cash_fee' => '2000',
  'fee_type' => 'CNY',
  'is_subscribe' => 'Y',
  'mch_id' => '1349301601',
  'nonce_str' => 'X39chsHH',
  'openid' => 'owMq5wHWj0K3-KPWf0tr5rYaEYFw',
  'out_trade_no' => '2016103120510100001614243680',
  'result_code' => 'SUCCESS',
  'return_code' => 'SUCCESS',
  'sign' => 'B0A36CE3464A7A71E31F2D9736755C16',
  'time_end' => '20161031205106',
  'total_fee' => '2000',
  'trade_type' => 'JSAPI',
  'transaction_id' => '4003692001201610318297899175',
)

2016-10-31 20:55:27 trace :
------------
String:
<xml><ToUserName><![CDATA[gh_d08df8dd58c3]]></ToUserName>
<FromUserName><![CDATA[owMq5wHWj0K3-KPWf0tr5rYaEYFw]]></FromUserName>
<CreateTime>1477918526</CreateTime>
<MsgType><![CDATA[event]]></MsgType>
<Event><![CDATA[LOCATION]]></Event>
<Latitude>30.256649</Latitude>
<Longitude>119.718124</Longitude>
<Precision>65.000000</Precision>
</xml>

2016-10-31 20:55:27 params :
------------
String:
array (
  'message' => 
  array (
    'tousername' => 'gh_d08df8dd58c3',
    'fromusername' => 'owMq5wHWj0K3-KPWf0tr5rYaEYFw',
    'createtime' => '1477918526',
    'msgtype' => 'event',
    'event' => 'LOCATION',
    'latitude' => '30.256649',
    'longitude' => '119.718124',
    'precision' => '65.000000',
    'from' => 'owMq5wHWj0K3-KPWf0tr5rYaEYFw',
    'to' => 'gh_d08df8dd58c3',
    'time' => '1477918526',
    'type' => 'trace',
    'location_x' => '30.256649',
    'location_y' => '119.718124',
  ),
  'module' => 'default',
  'rule' => '-1',
)

2016-10-31 20:55:27 response :
------------
Array:
errno : -1 ;
message : Invaild value ;

2016-10-31 21:01:40 trace :
------------
String:
<xml><ToUserName><![CDATA[gh_d08df8dd58c3]]></ToUserName>
<FromUserName><![CDATA[owMq5wHWj0K3-KPWf0tr5rYaEYFw]]></FromUserName>
<CreateTime>1477918900</CreateTime>
<MsgType><![CDATA[event]]></MsgType>
<Event><![CDATA[LOCATION]]></Event>
<Latitude>30.256645</Latitude>
<Longitude>119.718140</Longitude>
<Precision>65.000000</Precision>
</xml>

2016-10-31 21:01:40 params :
------------
String:
array (
  'message' => 
  array (
    'tousername' => 'gh_d08df8dd58c3',
    'fromusername' => 'owMq5wHWj0K3-KPWf0tr5rYaEYFw',
    'createtime' => '1477918900',
    'msgtype' => 'event',
    'event' => 'LOCATION',
    'latitude' => '30.256645',
    'longitude' => '119.718140',
    'precision' => '65.000000',
    'from' => 'owMq5wHWj0K3-KPWf0tr5rYaEYFw',
    'to' => 'gh_d08df8dd58c3',
    'time' => '1477918900',
    'type' => 'trace',
    'location_x' => '30.256645',
    'location_y' => '119.718140',
  ),
  'module' => 'default',
  'rule' => '-1',
)

2016-10-31 21:01:40 response :
------------
Array:
errno : -1 ;
message : Invaild value ;

2016-10-31 21:01:43 trace :
------------
String:
<xml><ToUserName><![CDATA[gh_d08df8dd58c3]]></ToUserName>
<FromUserName><![CDATA[owMq5wHWj0K3-KPWf0tr5rYaEYFw]]></FromUserName>
<CreateTime>1477918902</CreateTime>
<MsgType><![CDATA[event]]></MsgType>
<Event><![CDATA[VIEW]]></Event>
<EventKey><![CDATA[http://jwschool.cn/app/index.php?i=2&c=entry&do=hireout&m=sunshine_hireme]]></EventKey>
<MenuId>408084710</MenuId>
</xml>

2016-10-31 21:01:43 params :
------------
String:
array (
  'message' => 
  array (
    'tousername' => 'gh_d08df8dd58c3',
    'fromusername' => 'owMq5wHWj0K3-KPWf0tr5rYaEYFw',
    'createtime' => '1477918902',
    'msgtype' => 'event',
    'event' => 'VIEW',
    'eventkey' => 'http://jwschool.cn/app/index.php?i=2&c=entry&do=hireout&m=sunshine_hireme',
    'menuid' => '408084710',
    'from' => 'owMq5wHWj0K3-KPWf0tr5rYaEYFw',
    'to' => 'gh_d08df8dd58c3',
    'time' => '1477918902',
    'type' => 'text',
    'content' => '关注回复',
    'redirection' => true,
    'source' => 'default',
    'original' => 'http://jwschool.cn/app/index.php?i=2&c=entry&do=hireout&m=sunshine_hireme',
  ),
  'module' => 'basic',
  'rule' => '10',
  'priority' => '0',
  'keyword' => 
  array (
    'id' => '19',
    'rid' => '10',
    'uniacid' => '2',
    'module' => 'basic',
    'content' => '关注回复',
    'type' => '1',
    'displayorder' => '0',
    'status' => '1',
  ),
)

2016-10-31 21:01:43 response :
------------
Array:
FromUserName : gh_d08df8dd58c3 ;
ToUserName : owMq5wHWj0K3-KPWf0tr5rYaEYFw ;
MsgType : text ;
Content : 【简玩文化】专注年轻人，营造安全、健康的社区交友文化，在这里，你可以租一个人聊天、看电影、租跑步、租兼职、租个学霸给你补课，甚至谈恋爱哦！

当然，你也可以出租自己，欢迎加入我们。

——马上开始 ;

2016-10-31 21:02:21 trace :
------------
String:
<xml><ToUserName><![CDATA[gh_d08df8dd58c3]]></ToUserName>
<FromUserName><![CDATA[owMq5wBBcpD66xXLKdcqNJb2fNV0]]></FromUserName>
<CreateTime>1477918940</CreateTime>
<MsgType><![CDATA[event]]></MsgType>
<Event><![CDATA[subscribe]]></Event>
<EventKey><![CDATA[]]></EventKey>
</xml>

2016-10-31 21:02:21 params :
------------
String:
array (
  'message' => 
  array (
    'tousername' => 'gh_d08df8dd58c3',
    'fromusername' => 'owMq5wBBcpD66xXLKdcqNJb2fNV0',
    'createtime' => '1477918940',
    'msgtype' => 'event',
    'event' => 'subscribe',
    'eventkey' => '',
    'from' => 'owMq5wBBcpD66xXLKdcqNJb2fNV0',
    'to' => 'gh_d08df8dd58c3',
    'time' => '1477918940',
    'type' => 'text',
    'redirection' => true,
    'source' => 'subscribe',
    'content' => '关注回复',
  ),
  'module' => 'basic',
  'rule' => '10',
  'priority' => '0',
  'keyword' => 
  array (
    'id' => '19',
    'rid' => '10',
    'uniacid' => '2',
    'module' => 'basic',
    'content' => '关注回复',
    'type' => '1',
    'displayorder' => '0',
    'status' => '1',
  ),
)

2016-10-31 21:02:21 response :
------------
Array:
FromUserName : gh_d08df8dd58c3 ;
ToUserName : owMq5wBBcpD66xXLKdcqNJb2fNV0 ;
MsgType : text ;
Content : 【简玩文化】专注年轻人，营造安全、健康的社区交友文化，在这里，你可以租一个人聊天、看电影、租跑步、租兼职、租个学霸给你补课，甚至谈恋爱哦！

当然，你也可以出租自己，欢迎加入我们。

——马上开始 ;

2016-10-31 21:02:25 trace :
------------
String:
<xml><ToUserName><![CDATA[gh_d08df8dd58c3]]></ToUserName>
<FromUserName><![CDATA[owMq5wBBcpD66xXLKdcqNJb2fNV0]]></FromUserName>
<CreateTime>1477918945</CreateTime>
<MsgType><![CDATA[event]]></MsgType>
<Event><![CDATA[VIEW]]></Event>
<EventKey><![CDATA[http://jwschool.cn/app/index.php?i=2&c=entry&do=hireout&m=sunshine_hireme]]></EventKey>
<MenuId>408084710</MenuId>
</xml>

2016-10-31 21:02:25 params :
------------
String:
array (
  'message' => 
  array (
    'tousername' => 'gh_d08df8dd58c3',
    'fromusername' => 'owMq5wBBcpD66xXLKdcqNJb2fNV0',
    'createtime' => '1477918945',
    'msgtype' => 'event',
    'event' => 'VIEW',
    'eventkey' => 'http://jwschool.cn/app/index.php?i=2&c=entry&do=hireout&m=sunshine_hireme',
    'menuid' => '408084710',
    'from' => 'owMq5wBBcpD66xXLKdcqNJb2fNV0',
    'to' => 'gh_d08df8dd58c3',
    'time' => '1477918945',
    'type' => 'text',
    'content' => '关注回复',
    'redirection' => true,
    'source' => 'default',
    'original' => 'http://jwschool.cn/app/index.php?i=2&c=entry&do=hireout&m=sunshine_hireme',
  ),
  'module' => 'basic',
  'rule' => '10',
  'priority' => '0',
  'keyword' => 
  array (
    'id' => '19',
    'rid' => '10',
    'uniacid' => '2',
    'module' => 'basic',
    'content' => '关注回复',
    'type' => '1',
    'displayorder' => '0',
    'status' => '1',
  ),
)

2016-10-31 21:02:25 response :
------------
Array:
FromUserName : gh_d08df8dd58c3 ;
ToUserName : owMq5wBBcpD66xXLKdcqNJb2fNV0 ;
MsgType : text ;
Content : 【简玩文化】专注年轻人，营造安全、健康的社区交友文化，在这里，你可以租一个人聊天、看电影、租跑步、租兼职、租个学霸给你补课，甚至谈恋爱哦！

当然，你也可以出租自己，欢迎加入我们。

——马上开始 ;

2016-10-31 21:04:30 trace :
------------
String:
<xml><ToUserName><![CDATA[gh_d08df8dd58c3]]></ToUserName>
<FromUserName><![CDATA[owMq5wBBcpD66xXLKdcqNJb2fNV0]]></FromUserName>
<CreateTime>1477919070</CreateTime>
<MsgType><![CDATA[event]]></MsgType>
<Event><![CDATA[VIEW]]></Event>
<EventKey><![CDATA[http://jwschool.cn/app/index.php?i=2&c=entry&do=hireout&m=sunshine_hireme]]></EventKey>
<MenuId>408084710</MenuId>
</xml>

2016-10-31 21:04:30 params :
------------
String:
array (
  'message' => 
  array (
    'tousername' => 'gh_d08df8dd58c3',
    'fromusername' => 'owMq5wBBcpD66xXLKdcqNJb2fNV0',
    'createtime' => '1477919070',
    'msgtype' => 'event',
    'event' => 'VIEW',
    'eventkey' => 'http://jwschool.cn/app/index.php?i=2&c=entry&do=hireout&m=sunshine_hireme',
    'menuid' => '408084710',
    'from' => 'owMq5wBBcpD66xXLKdcqNJb2fNV0',
    'to' => 'gh_d08df8dd58c3',
    'time' => '1477919070',
    'type' => 'text',
    'content' => '关注回复',
    'redirection' => true,
    'source' => 'default',
    'original' => 'http://jwschool.cn/app/index.php?i=2&c=entry&do=hireout&m=sunshine_hireme',
  ),
  'module' => 'basic',
  'rule' => '10',
  'priority' => '0',
  'keyword' => 
  array (
    'id' => '19',
    'rid' => '10',
    'uniacid' => '2',
    'module' => 'basic',
    'content' => '关注回复',
    'type' => '1',
    'displayorder' => '0',
    'status' => '1',
  ),
)

2016-10-31 21:04:30 response :
------------
Array:
FromUserName : gh_d08df8dd58c3 ;
ToUserName : owMq5wBBcpD66xXLKdcqNJb2fNV0 ;
MsgType : text ;
Content : 【简玩文化】专注年轻人，营造安全、健康的社区交友文化，在这里，你可以租一个人聊天、看电影、租跑步、租兼职、租个学霸给你补课，甚至谈恋爱哦！

当然，你也可以出租自己，欢迎加入我们。

——马上开始 ;

2016-10-31 21:05:21 sunshine_hireme_SmsComponent :
------------
String:
SimpleXMLElement::__set_state(array(
   'result' => 
  SimpleXMLElement::__set_state(array(
     'err_code' => '0',
     'model' => '104358191176^1105903302313',
     'success' => 'true',
  )),
   'request_id' => 'utaxehqaae1',
))

2016-10-31 21:07:26 trace :
------------
String:
<xml><ToUserName><![CDATA[gh_d08df8dd58c3]]></ToUserName>
<FromUserName><![CDATA[owMq5wBBcpD66xXLKdcqNJb2fNV0]]></FromUserName>
<CreateTime>1477919245</CreateTime>
<MsgType><![CDATA[event]]></MsgType>
<Event><![CDATA[VIEW]]></Event>
<EventKey><![CDATA[http://jwschool.cn/app/index.php?i=2&c=entry&do=hireout&m=sunshine_hireme]]></EventKey>
<MenuId>408084710</MenuId>
</xml>

2016-10-31 21:07:26 params :
------------
String:
array (
  'message' => 
  array (
    'tousername' => 'gh_d08df8dd58c3',
    'fromusername' => 'owMq5wBBcpD66xXLKdcqNJb2fNV0',
    'createtime' => '1477919245',
    'msgtype' => 'event',
    'event' => 'VIEW',
    'eventkey' => 'http://jwschool.cn/app/index.php?i=2&c=entry&do=hireout&m=sunshine_hireme',
    'menuid' => '408084710',
    'from' => 'owMq5wBBcpD66xXLKdcqNJb2fNV0',
    'to' => 'gh_d08df8dd58c3',
    'time' => '1477919245',
    'type' => 'text',
    'content' => '关注回复',
    'redirection' => true,
    'source' => 'default',
    'original' => 'http://jwschool.cn/app/index.php?i=2&c=entry&do=hireout&m=sunshine_hireme',
  ),
  'module' => 'basic',
  'rule' => '10',
  'priority' => '0',
  'keyword' => 
  array (
    'id' => '19',
    'rid' => '10',
    'uniacid' => '2',
    'module' => 'basic',
    'content' => '关注回复',
    'type' => '1',
    'displayorder' => '0',
    'status' => '1',
  ),
)

2016-10-31 21:07:26 response :
------------
Array:
FromUserName : gh_d08df8dd58c3 ;
ToUserName : owMq5wBBcpD66xXLKdcqNJb2fNV0 ;
MsgType : text ;
Content : 【简玩文化】专注年轻人，营造安全、健康的社区交友文化，在这里，你可以租一个人聊天、看电影、租跑步、租兼职、租个学霸给你补课，甚至谈恋爱哦！

当然，你也可以出租自己，欢迎加入我们。

——马上开始 ;

2016-10-31 21:08:11 trace :
------------
String:
<xml><ToUserName><![CDATA[gh_d08df8dd58c3]]></ToUserName>
<FromUserName><![CDATA[owMq5wBBcpD66xXLKdcqNJb2fNV0]]></FromUserName>
<CreateTime>1477919290</CreateTime>
<MsgType><![CDATA[event]]></MsgType>
<Event><![CDATA[VIEW]]></Event>
<EventKey><![CDATA[http://jwschool.cn/app/index.php?i=2&c=entry&do=hireout&m=sunshine_hireme]]></EventKey>
<MenuId>408084710</MenuId>
</xml>

2016-10-31 21:08:11 params :
------------
String:
array (
  'message' => 
  array (
    'tousername' => 'gh_d08df8dd58c3',
    'fromusername' => 'owMq5wBBcpD66xXLKdcqNJb2fNV0',
    'createtime' => '1477919290',
    'msgtype' => 'event',
    'event' => 'VIEW',
    'eventkey' => 'http://jwschool.cn/app/index.php?i=2&c=entry&do=hireout&m=sunshine_hireme',
    'menuid' => '408084710',
    'from' => 'owMq5wBBcpD66xXLKdcqNJb2fNV0',
    'to' => 'gh_d08df8dd58c3',
    'time' => '1477919290',
    'type' => 'text',
    'content' => '关注回复',
    'redirection' => true,
    'source' => 'default',
    'original' => 'http://jwschool.cn/app/index.php?i=2&c=entry&do=hireout&m=sunshine_hireme',
  ),
  'module' => 'basic',
  'rule' => '10',
  'priority' => '0',
  'keyword' => 
  array (
    'id' => '19',
    'rid' => '10',
    'uniacid' => '2',
    'module' => 'basic',
    'content' => '关注回复',
    'type' => '1',
    'displayorder' => '0',
    'status' => '1',
  ),
)

2016-10-31 21:08:11 response :
------------
Array:
FromUserName : gh_d08df8dd58c3 ;
ToUserName : owMq5wBBcpD66xXLKdcqNJb2fNV0 ;
MsgType : text ;
Content : 【简玩文化】专注年轻人，营造安全、健康的社区交友文化，在这里，你可以租一个人聊天、看电影、租跑步、租兼职、租个学霸给你补课，甚至谈恋爱哦！

当然，你也可以出租自己，欢迎加入我们。

——马上开始 ;

2016-10-31 21:08:40 trace :
------------
String:
<xml><ToUserName><![CDATA[gh_d08df8dd58c3]]></ToUserName>
<FromUserName><![CDATA[owMq5wBBcpD66xXLKdcqNJb2fNV0]]></FromUserName>
<CreateTime>1477919320</CreateTime>
<MsgType><![CDATA[event]]></MsgType>
<Event><![CDATA[VIEW]]></Event>
<EventKey><![CDATA[http://jwschool.cn/app/index.php?i=2&c=entry&do=hireout&m=sunshine_hireme]]></EventKey>
<MenuId>408084710</MenuId>
</xml>

2016-10-31 21:08:40 params :
------------
String:
array (
  'message' => 
  array (
    'tousername' => 'gh_d08df8dd58c3',
    'fromusername' => 'owMq5wBBcpD66xXLKdcqNJb2fNV0',
    'createtime' => '1477919320',
    'msgtype' => 'event',
    'event' => 'VIEW',
    'eventkey' => 'http://jwschool.cn/app/index.php?i=2&c=entry&do=hireout&m=sunshine_hireme',
    'menuid' => '408084710',
    'from' => 'owMq5wBBcpD66xXLKdcqNJb2fNV0',
    'to' => 'gh_d08df8dd58c3',
    'time' => '1477919320',
    'type' => 'text',
    'content' => '关注回复',
    'redirection' => true,
    'source' => 'default',
    'original' => 'http://jwschool.cn/app/index.php?i=2&c=entry&do=hireout&m=sunshine_hireme',
  ),
  'module' => 'basic',
  'rule' => '10',
  'priority' => '0',
  'keyword' => 
  array (
    'id' => '19',
    'rid' => '10',
    'uniacid' => '2',
    'module' => 'basic',
    'content' => '关注回复',
    'type' => '1',
    'displayorder' => '0',
    'status' => '1',
  ),
)

2016-10-31 21:08:40 response :
------------
Array:
FromUserName : gh_d08df8dd58c3 ;
ToUserName : owMq5wBBcpD66xXLKdcqNJb2fNV0 ;
MsgType : text ;
Content : 【简玩文化】专注年轻人，营造安全、健康的社区交友文化，在这里，你可以租一个人聊天、看电影、租跑步、租兼职、租个学霸给你补课，甚至谈恋爱哦！

当然，你也可以出租自己，欢迎加入我们。

——马上开始 ;

2016-10-31 21:28:28 trace :
------------
String:
<xml><ToUserName><![CDATA[gh_d08df8dd58c3]]></ToUserName>
<FromUserName><![CDATA[owMq5wBBcpD66xXLKdcqNJb2fNV0]]></FromUserName>
<CreateTime>1477920507</CreateTime>
<MsgType><![CDATA[event]]></MsgType>
<Event><![CDATA[VIEW]]></Event>
<EventKey><![CDATA[http://jwschool.cn/app/index.php?i=2&c=entry&do=hireout&m=sunshine_hireme]]></EventKey>
<MenuId>408084710</MenuId>
</xml>

2016-10-31 21:28:28 params :
------------
String:
array (
  'message' => 
  array (
    'tousername' => 'gh_d08df8dd58c3',
    'fromusername' => 'owMq5wBBcpD66xXLKdcqNJb2fNV0',
    'createtime' => '1477920507',
    'msgtype' => 'event',
    'event' => 'VIEW',
    'eventkey' => 'http://jwschool.cn/app/index.php?i=2&c=entry&do=hireout&m=sunshine_hireme',
    'menuid' => '408084710',
    'from' => 'owMq5wBBcpD66xXLKdcqNJb2fNV0',
    'to' => 'gh_d08df8dd58c3',
    'time' => '1477920507',
    'type' => 'text',
    'content' => '关注回复',
    'redirection' => true,
    'source' => 'default',
    'original' => 'http://jwschool.cn/app/index.php?i=2&c=entry&do=hireout&m=sunshine_hireme',
  ),
  'module' => 'basic',
  'rule' => '10',
  'priority' => '0',
  'keyword' => 
  array (
    'id' => '19',
    'rid' => '10',
    'uniacid' => '2',
    'module' => 'basic',
    'content' => '关注回复',
    'type' => '1',
    'displayorder' => '0',
    'status' => '1',
  ),
)

2016-10-31 21:28:28 response :
------------
Array:
FromUserName : gh_d08df8dd58c3 ;
ToUserName : owMq5wBBcpD66xXLKdcqNJb2fNV0 ;
MsgType : text ;
Content : 【简玩文化】专注年轻人，营造安全、健康的社区交友文化，在这里，你可以租一个人聊天、看电影、租跑步、租兼职、租个学霸给你补课，甚至谈恋爱哦！

当然，你也可以出租自己，欢迎加入我们。

——马上开始 ;

2016-10-31 22:31:56 trace :
------------
String:
<xml><ToUserName><![CDATA[gh_d08df8dd58c3]]></ToUserName>
<FromUserName><![CDATA[owMq5wHWj0K3-KPWf0tr5rYaEYFw]]></FromUserName>
<CreateTime>1477924316</CreateTime>
<MsgType><![CDATA[event]]></MsgType>
<Event><![CDATA[LOCATION]]></Event>
<Latitude>30.256655</Latitude>
<Longitude>119.718147</Longitude>
<Precision>65.000000</Precision>
</xml>

2016-10-31 22:31:56 params :
------------
String:
array (
  'message' => 
  array (
    'tousername' => 'gh_d08df8dd58c3',
    'fromusername' => 'owMq5wHWj0K3-KPWf0tr5rYaEYFw',
    'createtime' => '1477924316',
    'msgtype' => 'event',
    'event' => 'LOCATION',
    'latitude' => '30.256655',
    'longitude' => '119.718147',
    'precision' => '65.000000',
    'from' => 'owMq5wHWj0K3-KPWf0tr5rYaEYFw',
    'to' => 'gh_d08df8dd58c3',
    'time' => '1477924316',
    'type' => 'trace',
    'location_x' => '30.256655',
    'location_y' => '119.718147',
  ),
  'module' => 'default',
  'rule' => '-1',
)

2016-10-31 22:31:56 response :
------------
Array:
errno : -1 ;
message : Invaild value ;

2016-10-31 22:31:57 trace :
------------
String:
<xml><ToUserName><![CDATA[gh_d08df8dd58c3]]></ToUserName>
<FromUserName><![CDATA[owMq5wHWj0K3-KPWf0tr5rYaEYFw]]></FromUserName>
<CreateTime>1477924317</CreateTime>
<MsgType><![CDATA[event]]></MsgType>
<Event><![CDATA[LOCATION]]></Event>
<Latitude>30.256632</Latitude>
<Longitude>119.718102</Longitude>
<Precision>65.000000</Precision>
</xml>

2016-10-31 22:31:57 params :
------------
String:
array (
  'message' => 
  array (
    'tousername' => 'gh_d08df8dd58c3',
    'fromusername' => 'owMq5wHWj0K3-KPWf0tr5rYaEYFw',
    'createtime' => '1477924317',
    'msgtype' => 'event',
    'event' => 'LOCATION',
    'latitude' => '30.256632',
    'longitude' => '119.718102',
    'precision' => '65.000000',
    'from' => 'owMq5wHWj0K3-KPWf0tr5rYaEYFw',
    'to' => 'gh_d08df8dd58c3',
    'time' => '1477924317',
    'type' => 'trace',
    'location_x' => '30.256632',
    'location_y' => '119.718102',
  ),
  'module' => 'default',
  'rule' => '-1',
)

2016-10-31 22:31:57 response :
------------
Array:
errno : -1 ;
message : Invaild value ;

2016-10-31 22:31:59 trace :
------------
String:
<xml><ToUserName><![CDATA[gh_d08df8dd58c3]]></ToUserName>
<FromUserName><![CDATA[owMq5wHWj0K3-KPWf0tr5rYaEYFw]]></FromUserName>
<CreateTime>1477924319</CreateTime>
<MsgType><![CDATA[event]]></MsgType>
<Event><![CDATA[VIEW]]></Event>
<EventKey><![CDATA[http://jwschool.cn/app/index.php?i=2&c=entry&do=usercenter&m=sunshine_hireme]]></EventKey>
<MenuId>408084710</MenuId>
</xml>

2016-10-31 22:31:59 params :
------------
String:
array (
  'message' => 
  array (
    'tousername' => 'gh_d08df8dd58c3',
    'fromusername' => 'owMq5wHWj0K3-KPWf0tr5rYaEYFw',
    'createtime' => '1477924319',
    'msgtype' => 'event',
    'event' => 'VIEW',
    'eventkey' => 'http://jwschool.cn/app/index.php?i=2&c=entry&do=usercenter&m=sunshine_hireme',
    'menuid' => '408084710',
    'from' => 'owMq5wHWj0K3-KPWf0tr5rYaEYFw',
    'to' => 'gh_d08df8dd58c3',
    'time' => '1477924319',
    'type' => 'text',
    'content' => '关注回复',
    'redirection' => true,
    'source' => 'default',
    'original' => 'http://jwschool.cn/app/index.php?i=2&c=entry&do=usercenter&m=sunshine_hireme',
  ),
  'module' => 'basic',
  'rule' => '10',
  'priority' => '0',
  'keyword' => 
  array (
    'id' => '21',
    'rid' => '10',
    'uniacid' => '2',
    'module' => 'basic',
    'content' => '关注回复',
    'type' => '1',
    'displayorder' => '0',
    'status' => '1',
  ),
)

2016-10-31 22:31:59 response :
------------
Array:
FromUserName : gh_d08df8dd58c3 ;
ToUserName : owMq5wHWj0K3-KPWf0tr5rYaEYFw ;
MsgType : text ;
Content : ☀【简玩文化】☀专注年轻人，营造安全、健康的社区交友文化，在这里，你可以租一个人聊天、看电影、租跑步、租兼职、租个学霸给你补课，甚至谈恋爱哦！

与此同时，你也可以出租自己，还能赚取一笔小费，当然,价格自然是由你来定。

——马上开始，进入个人中心，填写您的个人信息。/微笑 ;

2016-10-31 22:42:58 trace :
------------
String:
<xml><ToUserName><![CDATA[gh_d08df8dd58c3]]></ToUserName>
<FromUserName><![CDATA[owMq5wMBeNntNK7kVrENU_NtuW1U]]></FromUserName>
<CreateTime>1477924977</CreateTime>
<MsgType><![CDATA[event]]></MsgType>
<Event><![CDATA[VIEW]]></Event>
<EventKey><![CDATA[http://jwschool.cn/app/index.php?i=2&c=entry&do=index&m=sunshine_hireme]]></EventKey>
<MenuId>408084710</MenuId>
</xml>

2016-10-31 22:42:58 params :
------------
String:
array (
  'message' => 
  array (
    'tousername' => 'gh_d08df8dd58c3',
    'fromusername' => 'owMq5wMBeNntNK7kVrENU_NtuW1U',
    'createtime' => '1477924977',
    'msgtype' => 'event',
    'event' => 'VIEW',
    'eventkey' => 'http://jwschool.cn/app/index.php?i=2&c=entry&do=index&m=sunshine_hireme',
    'menuid' => '408084710',
    'from' => 'owMq5wMBeNntNK7kVrENU_NtuW1U',
    'to' => 'gh_d08df8dd58c3',
    'time' => '1477924977',
    'type' => 'text',
    'content' => '关注回复',
    'redirection' => true,
    'source' => 'default',
    'original' => 'http://jwschool.cn/app/index.php?i=2&c=entry&do=index&m=sunshine_hireme',
  ),
  'module' => 'basic',
  'rule' => '10',
  'priority' => '0',
  'keyword' => 
  array (
    'id' => '21',
    'rid' => '10',
    'uniacid' => '2',
    'module' => 'basic',
    'content' => '关注回复',
    'type' => '1',
    'displayorder' => '0',
    'status' => '1',
  ),
)

2016-10-31 22:42:58 response :
------------
Array:
FromUserName : gh_d08df8dd58c3 ;
ToUserName : owMq5wMBeNntNK7kVrENU_NtuW1U ;
MsgType : text ;
Content : ☀【简玩文化】☀专注年轻人，营造安全、健康的社区交友文化，在这里，你可以租一个人聊天、看电影、租跑步、租兼职、租个学霸给你补课，甚至谈恋爱哦！

与此同时，你也可以出租自己，还能赚取一笔小费，当然,价格自然是由你来定。

——马上开始，进入个人中心，填写您的个人信息。/微笑 ;

