2016-11-17 08:21:10 trace :
------------
String:
<xml><ToUserName><![CDATA[gh_d08df8dd58c3]]></ToUserName>
<FromUserName><![CDATA[owMq5wJXjLuq41fQuwlu4waVZxTo]]></FromUserName>
<CreateTime>1479342070</CreateTime>
<MsgType><![CDATA[event]]></MsgType>
<Event><![CDATA[unsubscribe]]></Event>
<EventKey><![CDATA[]]></EventKey>
</xml>

2016-11-17 08:49:41 trace :
------------
String:
<xml><ToUserName><![CDATA[gh_d08df8dd58c3]]></ToUserName>
<FromUserName><![CDATA[owMq5wBjfuL35Z2kqqSBf7lYESQE]]></FromUserName>
<CreateTime>1479343781</CreateTime>
<MsgType><![CDATA[event]]></MsgType>
<Event><![CDATA[LOCATION]]></Event>
<Latitude>30.260174</Latitude>
<Longitude>119.722832</Longitude>
<Precision>150.000000</Precision>
</xml>

2016-11-17 08:49:41 params :
------------
String:
array (
  'message' => 
  array (
    'tousername' => 'gh_d08df8dd58c3',
    'fromusername' => 'owMq5wBjfuL35Z2kqqSBf7lYESQE',
    'createtime' => '1479343781',
    'msgtype' => 'event',
    'event' => 'LOCATION',
    'latitude' => '30.260174',
    'longitude' => '119.722832',
    'precision' => '150.000000',
    'from' => 'owMq5wBjfuL35Z2kqqSBf7lYESQE',
    'to' => 'gh_d08df8dd58c3',
    'time' => '1479343781',
    'type' => 'trace',
    'location_x' => '30.260174',
    'location_y' => '119.722832',
  ),
  'module' => 'default',
  'rule' => '-1',
)

2016-11-17 08:49:41 response :
------------
Array:
errno : -1 ;
message : Invaild value ;

2016-11-17 10:03:38 trace :
------------
String:
<xml><ToUserName><![CDATA[gh_d08df8dd58c3]]></ToUserName>
<FromUserName><![CDATA[owMq5wDZ76ntxDIKgy14b3moEsY8]]></FromUserName>
<CreateTime>1479348218</CreateTime>
<MsgType><![CDATA[event]]></MsgType>
<Event><![CDATA[LOCATION]]></Event>
<Latitude>30.240709</Latitude>
<Longitude>119.727623</Longitude>
<Precision>40.000000</Precision>
</xml>

2016-11-17 10:03:38 params :
------------
String:
array (
  'message' => 
  array (
    'tousername' => 'gh_d08df8dd58c3',
    'fromusername' => 'owMq5wDZ76ntxDIKgy14b3moEsY8',
    'createtime' => '1479348218',
    'msgtype' => 'event',
    'event' => 'LOCATION',
    'latitude' => '30.240709',
    'longitude' => '119.727623',
    'precision' => '40.000000',
    'from' => 'owMq5wDZ76ntxDIKgy14b3moEsY8',
    'to' => 'gh_d08df8dd58c3',
    'time' => '1479348218',
    'type' => 'trace',
    'location_x' => '30.240709',
    'location_y' => '119.727623',
  ),
  'module' => 'default',
  'rule' => '-1',
)

2016-11-17 10:03:38 response :
------------
Array:
errno : -1 ;
message : Invaild value ;

2016-11-17 10:03:40 trace :
------------
String:
<xml><ToUserName><![CDATA[gh_d08df8dd58c3]]></ToUserName>
<FromUserName><![CDATA[owMq5wDZ76ntxDIKgy14b3moEsY8]]></FromUserName>
<CreateTime>1479348220</CreateTime>
<MsgType><![CDATA[event]]></MsgType>
<Event><![CDATA[VIEW]]></Event>
<EventKey><![CDATA[http://jwschool.cn/app/index.php?i=2&c=entry&do=index&m=sunshine_hireme]]></EventKey>
<MenuId>408217465</MenuId>
</xml>

2016-11-17 10:03:40 params :
------------
String:
array (
  'message' => 
  array (
    'tousername' => 'gh_d08df8dd58c3',
    'fromusername' => 'owMq5wDZ76ntxDIKgy14b3moEsY8',
    'createtime' => '1479348220',
    'msgtype' => 'event',
    'event' => 'VIEW',
    'eventkey' => 'http://jwschool.cn/app/index.php?i=2&c=entry&do=index&m=sunshine_hireme',
    'menuid' => '408217465',
    'from' => 'owMq5wDZ76ntxDIKgy14b3moEsY8',
    'to' => 'gh_d08df8dd58c3',
    'time' => '1479348220',
    'type' => 'text',
    'content' => '单身狗',
    'redirection' => true,
    'source' => 'default',
    'original' => 'http://jwschool.cn/app/index.php?i=2&c=entry&do=index&m=sunshine_hireme',
  ),
  'module' => 'basic',
  'rule' => '15',
  'priority' => '0',
  'keyword' => 
  array (
    'id' => '33',
    'rid' => '15',
    'uniacid' => '2',
    'module' => 'basic',
    'content' => '单身狗',
    'type' => '1',
    'displayorder' => '0',
    'status' => '1',
  ),
)

2016-11-17 10:03:40 response :
------------
Array:
FromUserName : gh_d08df8dd58c3 ;
ToUserName : owMq5wDZ76ntxDIKgy14b3moEsY8 ;
MsgType : text ;
Content : 测测你的颜值值多少钱？

生成你的光棍节专属海报
戳此链接
http://4dce36b7c273.ih5.cn/idea/KAGNX4b

这个神奇的网站已让上万条单身狗脱单啦！  在这里，你可以租个人陪你吃饭，看电影，压马路，也更欢迎你出租自己哦！ ;

2016-11-17 12:22:26 trace :
------------
String:
<xml><ToUserName><![CDATA[gh_d08df8dd58c3]]></ToUserName>
<FromUserName><![CDATA[owMq5wId-0WD--u79a68jO4Dw5UQ]]></FromUserName>
<CreateTime>1479356545</CreateTime>
<MsgType><![CDATA[event]]></MsgType>
<Event><![CDATA[LOCATION]]></Event>
<Latitude>30.241720</Latitude>
<Longitude>119.721848</Longitude>
<Precision>770.000000</Precision>
</xml>

2016-11-17 12:22:26 params :
------------
String:
array (
  'message' => 
  array (
    'tousername' => 'gh_d08df8dd58c3',
    'fromusername' => 'owMq5wId-0WD--u79a68jO4Dw5UQ',
    'createtime' => '1479356545',
    'msgtype' => 'event',
    'event' => 'LOCATION',
    'latitude' => '30.241720',
    'longitude' => '119.721848',
    'precision' => '770.000000',
    'from' => 'owMq5wId-0WD--u79a68jO4Dw5UQ',
    'to' => 'gh_d08df8dd58c3',
    'time' => '1479356545',
    'type' => 'trace',
    'location_x' => '30.241720',
    'location_y' => '119.721848',
  ),
  'module' => 'default',
  'rule' => '-1',
)

2016-11-17 12:22:26 response :
------------
Array:
errno : -1 ;
message : Invaild value ;

2016-11-17 12:22:31 trace :
------------
String:
<xml><ToUserName><![CDATA[gh_d08df8dd58c3]]></ToUserName>
<FromUserName><![CDATA[owMq5wId-0WD--u79a68jO4Dw5UQ]]></FromUserName>
<CreateTime>1479356550</CreateTime>
<MsgType><![CDATA[event]]></MsgType>
<Event><![CDATA[unsubscribe]]></Event>
<EventKey><![CDATA[]]></EventKey>
</xml>

2016-11-17 17:47:12 trace :
------------
String:
<xml><ToUserName><![CDATA[gh_d08df8dd58c3]]></ToUserName>
<FromUserName><![CDATA[owMq5wKfn2wEzOwWhKfY1InRuFkg]]></FromUserName>
<CreateTime>1479376031</CreateTime>
<MsgType><![CDATA[event]]></MsgType>
<Event><![CDATA[VIEW]]></Event>
<EventKey><![CDATA[http://jwschool.cn/app/index.php?i=2&c=entry&do=index&m=sunshine_hireme]]></EventKey>
<MenuId>408217465</MenuId>
</xml>

2016-11-17 17:47:12 params :
------------
String:
array (
  'message' => 
  array (
    'tousername' => 'gh_d08df8dd58c3',
    'fromusername' => 'owMq5wKfn2wEzOwWhKfY1InRuFkg',
    'createtime' => '1479376031',
    'msgtype' => 'event',
    'event' => 'VIEW',
    'eventkey' => 'http://jwschool.cn/app/index.php?i=2&c=entry&do=index&m=sunshine_hireme',
    'menuid' => '408217465',
    'from' => 'owMq5wKfn2wEzOwWhKfY1InRuFkg',
    'to' => 'gh_d08df8dd58c3',
    'time' => '1479376031',
    'type' => 'text',
    'content' => '单身狗',
    'redirection' => true,
    'source' => 'default',
    'original' => 'http://jwschool.cn/app/index.php?i=2&c=entry&do=index&m=sunshine_hireme',
  ),
  'module' => 'basic',
  'rule' => '15',
  'priority' => '0',
  'keyword' => 
  array (
    'id' => '33',
    'rid' => '15',
    'uniacid' => '2',
    'module' => 'basic',
    'content' => '单身狗',
    'type' => '1',
    'displayorder' => '0',
    'status' => '1',
  ),
)

2016-11-17 17:47:12 response :
------------
Array:
FromUserName : gh_d08df8dd58c3 ;
ToUserName : owMq5wKfn2wEzOwWhKfY1InRuFkg ;
MsgType : text ;
Content : 测测你的颜值值多少钱？

生成你的光棍节专属海报
戳此链接
http://4dce36b7c273.ih5.cn/idea/KAGNX4b

这个神奇的网站已让上万条单身狗脱单啦！  在这里，你可以租个人陪你吃饭，看电影，压马路，也更欢迎你出租自己哦！ ;

2016-11-17 17:48:33 trace :
------------
String:
<xml><ToUserName><![CDATA[gh_d08df8dd58c3]]></ToUserName>
<FromUserName><![CDATA[owMq5wKfn2wEzOwWhKfY1InRuFkg]]></FromUserName>
<CreateTime>1479376113</CreateTime>
<MsgType><![CDATA[event]]></MsgType>
<Event><![CDATA[VIEW]]></Event>
<EventKey><![CDATA[http://4dce36b7c273.ih5.cn/idea/KAGNX4b]]></EventKey>
<MenuId>408217465</MenuId>
</xml>

2016-11-17 17:48:33 params :
------------
String:
array (
  'message' => 
  array (
    'tousername' => 'gh_d08df8dd58c3',
    'fromusername' => 'owMq5wKfn2wEzOwWhKfY1InRuFkg',
    'createtime' => '1479376113',
    'msgtype' => 'event',
    'event' => 'VIEW',
    'eventkey' => 'http://4dce36b7c273.ih5.cn/idea/KAGNX4b',
    'menuid' => '408217465',
    'from' => 'owMq5wKfn2wEzOwWhKfY1InRuFkg',
    'to' => 'gh_d08df8dd58c3',
    'time' => '1479376113',
    'type' => 'text',
    'content' => '单身狗',
    'redirection' => true,
    'source' => 'default',
    'original' => 'http://4dce36b7c273.ih5.cn/idea/KAGNX4b',
  ),
  'module' => 'basic',
  'rule' => '15',
  'priority' => '0',
  'keyword' => 
  array (
    'id' => '33',
    'rid' => '15',
    'uniacid' => '2',
    'module' => 'basic',
    'content' => '单身狗',
    'type' => '1',
    'displayorder' => '0',
    'status' => '1',
  ),
)

2016-11-17 17:48:33 response :
------------
Array:
FromUserName : gh_d08df8dd58c3 ;
ToUserName : owMq5wKfn2wEzOwWhKfY1InRuFkg ;
MsgType : text ;
Content : 测测你的颜值值多少钱？

生成你的光棍节专属海报
戳此链接
http://4dce36b7c273.ih5.cn/idea/KAGNX4b

这个神奇的网站已让上万条单身狗脱单啦！  在这里，你可以租个人陪你吃饭，看电影，压马路，也更欢迎你出租自己哦！ ;

2016-11-17 17:48:47 trace :
------------
String:
<xml><ToUserName><![CDATA[gh_d08df8dd58c3]]></ToUserName>
<FromUserName><![CDATA[owMq5wKfn2wEzOwWhKfY1InRuFkg]]></FromUserName>
<CreateTime>1479376126</CreateTime>
<MsgType><![CDATA[event]]></MsgType>
<Event><![CDATA[VIEW]]></Event>
<EventKey><![CDATA[http://jwschool.cn/app/index.php?i=2&c=entry&do=usercenter&m=sunshine_hireme]]></EventKey>
<MenuId>408217465</MenuId>
</xml>

2016-11-17 17:48:47 params :
------------
String:
array (
  'message' => 
  array (
    'tousername' => 'gh_d08df8dd58c3',
    'fromusername' => 'owMq5wKfn2wEzOwWhKfY1InRuFkg',
    'createtime' => '1479376126',
    'msgtype' => 'event',
    'event' => 'VIEW',
    'eventkey' => 'http://jwschool.cn/app/index.php?i=2&c=entry&do=usercenter&m=sunshine_hireme',
    'menuid' => '408217465',
    'from' => 'owMq5wKfn2wEzOwWhKfY1InRuFkg',
    'to' => 'gh_d08df8dd58c3',
    'time' => '1479376126',
    'type' => 'text',
    'content' => '单身狗',
    'redirection' => true,
    'source' => 'default',
    'original' => 'http://jwschool.cn/app/index.php?i=2&c=entry&do=usercenter&m=sunshine_hireme',
  ),
  'module' => 'basic',
  'rule' => '15',
  'priority' => '0',
  'keyword' => 
  array (
    'id' => '33',
    'rid' => '15',
    'uniacid' => '2',
    'module' => 'basic',
    'content' => '单身狗',
    'type' => '1',
    'displayorder' => '0',
    'status' => '1',
  ),
)

2016-11-17 17:48:47 response :
------------
Array:
FromUserName : gh_d08df8dd58c3 ;
ToUserName : owMq5wKfn2wEzOwWhKfY1InRuFkg ;
MsgType : text ;
Content : 测测你的颜值值多少钱？

生成你的光棍节专属海报
戳此链接
http://4dce36b7c273.ih5.cn/idea/KAGNX4b

这个神奇的网站已让上万条单身狗脱单啦！  在这里，你可以租个人陪你吃饭，看电影，压马路，也更欢迎你出租自己哦！ ;

2016-11-17 18:02:47 trace :
------------
String:
<xml><ToUserName><![CDATA[gh_d08df8dd58c3]]></ToUserName>
<FromUserName><![CDATA[owMq5wCXLhkYliQ1Gdliie1mahqs]]></FromUserName>
<CreateTime>1479376966</CreateTime>
<MsgType><![CDATA[event]]></MsgType>
<Event><![CDATA[LOCATION]]></Event>
<Latitude>30.241076</Latitude>
<Longitude>119.725922</Longitude>
<Precision>65.000000</Precision>
</xml>

2016-11-17 18:02:47 params :
------------
String:
array (
  'message' => 
  array (
    'tousername' => 'gh_d08df8dd58c3',
    'fromusername' => 'owMq5wCXLhkYliQ1Gdliie1mahqs',
    'createtime' => '1479376966',
    'msgtype' => 'event',
    'event' => 'LOCATION',
    'latitude' => '30.241076',
    'longitude' => '119.725922',
    'precision' => '65.000000',
    'from' => 'owMq5wCXLhkYliQ1Gdliie1mahqs',
    'to' => 'gh_d08df8dd58c3',
    'time' => '1479376966',
    'type' => 'trace',
    'location_x' => '30.241076',
    'location_y' => '119.725922',
  ),
  'module' => 'default',
  'rule' => '-1',
)

2016-11-17 18:02:47 response :
------------
Array:
errno : -1 ;
message : Invaild value ;

2016-11-17 18:02:49 trace :
------------
String:
<xml><ToUserName><![CDATA[gh_d08df8dd58c3]]></ToUserName>
<FromUserName><![CDATA[owMq5wCXLhkYliQ1Gdliie1mahqs]]></FromUserName>
<CreateTime>1479376968</CreateTime>
<MsgType><![CDATA[event]]></MsgType>
<Event><![CDATA[VIEW]]></Event>
<EventKey><![CDATA[http://jwschool.cn/app/index.php?i=2&c=entry&do=index&m=sunshine_hireme]]></EventKey>
<MenuId>408217465</MenuId>
</xml>

2016-11-17 18:02:49 params :
------------
String:
array (
  'message' => 
  array (
    'tousername' => 'gh_d08df8dd58c3',
    'fromusername' => 'owMq5wCXLhkYliQ1Gdliie1mahqs',
    'createtime' => '1479376968',
    'msgtype' => 'event',
    'event' => 'VIEW',
    'eventkey' => 'http://jwschool.cn/app/index.php?i=2&c=entry&do=index&m=sunshine_hireme',
    'menuid' => '408217465',
    'from' => 'owMq5wCXLhkYliQ1Gdliie1mahqs',
    'to' => 'gh_d08df8dd58c3',
    'time' => '1479376968',
    'type' => 'text',
    'content' => '单身狗',
    'redirection' => true,
    'source' => 'default',
    'original' => 'http://jwschool.cn/app/index.php?i=2&c=entry&do=index&m=sunshine_hireme',
  ),
  'module' => 'basic',
  'rule' => '15',
  'priority' => '0',
  'keyword' => 
  array (
    'id' => '33',
    'rid' => '15',
    'uniacid' => '2',
    'module' => 'basic',
    'content' => '单身狗',
    'type' => '1',
    'displayorder' => '0',
    'status' => '1',
  ),
)

2016-11-17 18:02:49 response :
------------
Array:
FromUserName : gh_d08df8dd58c3 ;
ToUserName : owMq5wCXLhkYliQ1Gdliie1mahqs ;
MsgType : text ;
Content : 测测你的颜值值多少钱？

生成你的光棍节专属海报
戳此链接
http://4dce36b7c273.ih5.cn/idea/KAGNX4b

这个神奇的网站已让上万条单身狗脱单啦！  在这里，你可以租个人陪你吃饭，看电影，压马路，也更欢迎你出租自己哦！ ;

2016-11-17 18:02:55 trace :
------------
String:
<xml><ToUserName><![CDATA[gh_d08df8dd58c3]]></ToUserName>
<FromUserName><![CDATA[owMq5wCXLhkYliQ1Gdliie1mahqs]]></FromUserName>
<CreateTime>1479376974</CreateTime>
<MsgType><![CDATA[event]]></MsgType>
<Event><![CDATA[VIEW]]></Event>
<EventKey><![CDATA[http://4dce36b7c273.ih5.cn/idea/KAGNX4b]]></EventKey>
<MenuId>408217465</MenuId>
</xml>

2016-11-17 18:02:55 params :
------------
String:
array (
  'message' => 
  array (
    'tousername' => 'gh_d08df8dd58c3',
    'fromusername' => 'owMq5wCXLhkYliQ1Gdliie1mahqs',
    'createtime' => '1479376974',
    'msgtype' => 'event',
    'event' => 'VIEW',
    'eventkey' => 'http://4dce36b7c273.ih5.cn/idea/KAGNX4b',
    'menuid' => '408217465',
    'from' => 'owMq5wCXLhkYliQ1Gdliie1mahqs',
    'to' => 'gh_d08df8dd58c3',
    'time' => '1479376974',
    'type' => 'text',
    'content' => '单身狗',
    'redirection' => true,
    'source' => 'default',
    'original' => 'http://4dce36b7c273.ih5.cn/idea/KAGNX4b',
  ),
  'module' => 'basic',
  'rule' => '15',
  'priority' => '0',
  'keyword' => 
  array (
    'id' => '33',
    'rid' => '15',
    'uniacid' => '2',
    'module' => 'basic',
    'content' => '单身狗',
    'type' => '1',
    'displayorder' => '0',
    'status' => '1',
  ),
)

2016-11-17 18:02:55 response :
------------
Array:
FromUserName : gh_d08df8dd58c3 ;
ToUserName : owMq5wCXLhkYliQ1Gdliie1mahqs ;
MsgType : text ;
Content : 测测你的颜值值多少钱？

生成你的光棍节专属海报
戳此链接
http://4dce36b7c273.ih5.cn/idea/KAGNX4b

这个神奇的网站已让上万条单身狗脱单啦！  在这里，你可以租个人陪你吃饭，看电影，压马路，也更欢迎你出租自己哦！ ;

2016-11-17 19:13:24 trace :
------------
String:
<xml><ToUserName><![CDATA[gh_d08df8dd58c3]]></ToUserName>
<FromUserName><![CDATA[owMq5wNyKbcSm3EoEV6rQruIbQuY]]></FromUserName>
<CreateTime>1479381204</CreateTime>
<MsgType><![CDATA[event]]></MsgType>
<Event><![CDATA[VIEW]]></Event>
<EventKey><![CDATA[http://jwschool.cn/app/index.php?i=2&c=entry&do=index&m=sunshine_hireme]]></EventKey>
<MenuId>408217465</MenuId>
</xml>

2016-11-17 19:13:24 params :
------------
String:
array (
  'message' => 
  array (
    'tousername' => 'gh_d08df8dd58c3',
    'fromusername' => 'owMq5wNyKbcSm3EoEV6rQruIbQuY',
    'createtime' => '1479381204',
    'msgtype' => 'event',
    'event' => 'VIEW',
    'eventkey' => 'http://jwschool.cn/app/index.php?i=2&c=entry&do=index&m=sunshine_hireme',
    'menuid' => '408217465',
    'from' => 'owMq5wNyKbcSm3EoEV6rQruIbQuY',
    'to' => 'gh_d08df8dd58c3',
    'time' => '1479381204',
    'type' => 'text',
    'content' => '单身狗',
    'redirection' => true,
    'source' => 'default',
    'original' => 'http://jwschool.cn/app/index.php?i=2&c=entry&do=index&m=sunshine_hireme',
  ),
  'module' => 'basic',
  'rule' => '15',
  'priority' => '0',
  'keyword' => 
  array (
    'id' => '33',
    'rid' => '15',
    'uniacid' => '2',
    'module' => 'basic',
    'content' => '单身狗',
    'type' => '1',
    'displayorder' => '0',
    'status' => '1',
  ),
)

2016-11-17 19:13:24 response :
------------
Array:
FromUserName : gh_d08df8dd58c3 ;
ToUserName : owMq5wNyKbcSm3EoEV6rQruIbQuY ;
MsgType : text ;
Content : 测测你的颜值值多少钱？

生成你的光棍节专属海报
戳此链接
http://4dce36b7c273.ih5.cn/idea/KAGNX4b

这个神奇的网站已让上万条单身狗脱单啦！  在这里，你可以租个人陪你吃饭，看电影，压马路，也更欢迎你出租自己哦！ ;

2016-11-17 20:29:34 trace :
------------
String:
<xml><ToUserName><![CDATA[gh_d08df8dd58c3]]></ToUserName>
<FromUserName><![CDATA[owMq5wHp2_dRgiPltV1ShjCL1xCU]]></FromUserName>
<CreateTime>1479385773</CreateTime>
<MsgType><![CDATA[event]]></MsgType>
<Event><![CDATA[subscribe]]></Event>
<EventKey><![CDATA[]]></EventKey>
</xml>

2016-11-17 20:29:34 params :
------------
String:
array (
  'message' => 
  array (
    'tousername' => 'gh_d08df8dd58c3',
    'fromusername' => 'owMq5wHp2_dRgiPltV1ShjCL1xCU',
    'createtime' => '1479385773',
    'msgtype' => 'event',
    'event' => 'subscribe',
    'eventkey' => '',
    'from' => 'owMq5wHp2_dRgiPltV1ShjCL1xCU',
    'to' => 'gh_d08df8dd58c3',
    'time' => '1479385773',
    'type' => 'text',
    'redirection' => true,
    'source' => 'default',
    'content' => '单身狗',
    'original' => '11双十一',
  ),
  'module' => 'basic',
  'rule' => '15',
  'priority' => '0',
  'keyword' => 
  array (
    'id' => '33',
    'rid' => '15',
    'uniacid' => '2',
    'module' => 'basic',
    'content' => '单身狗',
    'type' => '1',
    'displayorder' => '0',
    'status' => '1',
  ),
)

2016-11-17 20:29:34 response :
------------
Array:
FromUserName : gh_d08df8dd58c3 ;
ToUserName : owMq5wHp2_dRgiPltV1ShjCL1xCU ;
MsgType : text ;
Content : 测测你的颜值值多少钱？

生成你的光棍节专属海报
戳此链接
http://4dce36b7c273.ih5.cn/idea/KAGNX4b

这个神奇的网站已让上万条单身狗脱单啦！  在这里，你可以租个人陪你吃饭，看电影，压马路，也更欢迎你出租自己哦！ ;

2016-11-17 20:29:37 trace :
------------
String:
<xml><ToUserName><![CDATA[gh_d08df8dd58c3]]></ToUserName>
<FromUserName><![CDATA[owMq5wHp2_dRgiPltV1ShjCL1xCU]]></FromUserName>
<CreateTime>1479385776</CreateTime>
<MsgType><![CDATA[event]]></MsgType>
<Event><![CDATA[LOCATION]]></Event>
<Latitude>30.272465</Latitude>
<Longitude>120.133484</Longitude>
<Precision>10.000000</Precision>
</xml>

2016-11-17 20:29:37 params :
------------
String:
array (
  'message' => 
  array (
    'tousername' => 'gh_d08df8dd58c3',
    'fromusername' => 'owMq5wHp2_dRgiPltV1ShjCL1xCU',
    'createtime' => '1479385776',
    'msgtype' => 'event',
    'event' => 'LOCATION',
    'latitude' => '30.272465',
    'longitude' => '120.133484',
    'precision' => '10.000000',
    'from' => 'owMq5wHp2_dRgiPltV1ShjCL1xCU',
    'to' => 'gh_d08df8dd58c3',
    'time' => '1479385776',
    'type' => 'trace',
    'location_x' => '30.272465',
    'location_y' => '120.133484',
  ),
  'module' => 'default',
  'rule' => '-1',
)

2016-11-17 20:29:37 response :
------------
Array:
errno : -1 ;
message : Invaild value ;

2016-11-17 20:30:01 trace :
------------
String:
<xml><ToUserName><![CDATA[gh_d08df8dd58c3]]></ToUserName>
<FromUserName><![CDATA[owMq5wHp2_dRgiPltV1ShjCL1xCU]]></FromUserName>
<CreateTime>1479385800</CreateTime>
<MsgType><![CDATA[event]]></MsgType>
<Event><![CDATA[VIEW]]></Event>
<EventKey><![CDATA[http://jwschool.cn/app/index.php?i=2&c=entry&do=index&m=sunshine_hireme]]></EventKey>
<MenuId>408217465</MenuId>
</xml>

2016-11-17 20:30:01 params :
------------
String:
array (
  'message' => 
  array (
    'tousername' => 'gh_d08df8dd58c3',
    'fromusername' => 'owMq5wHp2_dRgiPltV1ShjCL1xCU',
    'createtime' => '1479385800',
    'msgtype' => 'event',
    'event' => 'VIEW',
    'eventkey' => 'http://jwschool.cn/app/index.php?i=2&c=entry&do=index&m=sunshine_hireme',
    'menuid' => '408217465',
    'from' => 'owMq5wHp2_dRgiPltV1ShjCL1xCU',
    'to' => 'gh_d08df8dd58c3',
    'time' => '1479385800',
    'type' => 'text',
    'content' => '单身狗',
    'redirection' => true,
    'source' => 'default',
    'original' => 'http://jwschool.cn/app/index.php?i=2&c=entry&do=index&m=sunshine_hireme',
  ),
  'module' => 'basic',
  'rule' => '15',
  'priority' => '0',
  'keyword' => 
  array (
    'id' => '33',
    'rid' => '15',
    'uniacid' => '2',
    'module' => 'basic',
    'content' => '单身狗',
    'type' => '1',
    'displayorder' => '0',
    'status' => '1',
  ),
)

2016-11-17 20:30:01 response :
------------
Array:
FromUserName : gh_d08df8dd58c3 ;
ToUserName : owMq5wHp2_dRgiPltV1ShjCL1xCU ;
MsgType : text ;
Content : 测测你的颜值值多少钱？

生成你的光棍节专属海报
戳此链接
http://4dce36b7c273.ih5.cn/idea/KAGNX4b

这个神奇的网站已让上万条单身狗脱单啦！  在这里，你可以租个人陪你吃饭，看电影，压马路，也更欢迎你出租自己哦！ ;

2016-11-17 20:30:03 trace :
------------
String:
<xml><ToUserName><![CDATA[gh_d08df8dd58c3]]></ToUserName>
<FromUserName><![CDATA[owMq5wHp2_dRgiPltV1ShjCL1xCU]]></FromUserName>
<CreateTime>1479385802</CreateTime>
<MsgType><![CDATA[event]]></MsgType>
<Event><![CDATA[VIEW]]></Event>
<EventKey><![CDATA[http://jwschool.cn/app/index.php?i=2&c=entry&do=usercenter&m=sunshine_hireme]]></EventKey>
<MenuId>408217465</MenuId>
</xml>

2016-11-17 20:30:03 params :
------------
String:
array (
  'message' => 
  array (
    'tousername' => 'gh_d08df8dd58c3',
    'fromusername' => 'owMq5wHp2_dRgiPltV1ShjCL1xCU',
    'createtime' => '1479385802',
    'msgtype' => 'event',
    'event' => 'VIEW',
    'eventkey' => 'http://jwschool.cn/app/index.php?i=2&c=entry&do=usercenter&m=sunshine_hireme',
    'menuid' => '408217465',
    'from' => 'owMq5wHp2_dRgiPltV1ShjCL1xCU',
    'to' => 'gh_d08df8dd58c3',
    'time' => '1479385802',
    'type' => 'text',
    'content' => '单身狗',
    'redirection' => true,
    'source' => 'default',
    'original' => 'http://jwschool.cn/app/index.php?i=2&c=entry&do=usercenter&m=sunshine_hireme',
  ),
  'module' => 'basic',
  'rule' => '15',
  'priority' => '0',
  'keyword' => 
  array (
    'id' => '33',
    'rid' => '15',
    'uniacid' => '2',
    'module' => 'basic',
    'content' => '单身狗',
    'type' => '1',
    'displayorder' => '0',
    'status' => '1',
  ),
)

2016-11-17 20:30:03 response :
------------
Array:
FromUserName : gh_d08df8dd58c3 ;
ToUserName : owMq5wHp2_dRgiPltV1ShjCL1xCU ;
MsgType : text ;
Content : 测测你的颜值值多少钱？

生成你的光棍节专属海报
戳此链接
http://4dce36b7c273.ih5.cn/idea/KAGNX4b

这个神奇的网站已让上万条单身狗脱单啦！  在这里，你可以租个人陪你吃饭，看电影，压马路，也更欢迎你出租自己哦！ ;

2016-11-17 20:52:26 trace :
------------
String:
<xml><ToUserName><![CDATA[gh_d08df8dd58c3]]></ToUserName>
<FromUserName><![CDATA[owMq5wGsHYE4TALKvvKxG6Qc2bRk]]></FromUserName>
<CreateTime>1479387146</CreateTime>
<MsgType><![CDATA[event]]></MsgType>
<Event><![CDATA[VIEW]]></Event>
<EventKey><![CDATA[http://jwschool.cn/app/index.php?i=2&c=entry&do=index&m=sunshine_hireme]]></EventKey>
<MenuId>408217465</MenuId>
</xml>

2016-11-17 20:52:26 params :
------------
String:
array (
  'message' => 
  array (
    'tousername' => 'gh_d08df8dd58c3',
    'fromusername' => 'owMq5wGsHYE4TALKvvKxG6Qc2bRk',
    'createtime' => '1479387146',
    'msgtype' => 'event',
    'event' => 'VIEW',
    'eventkey' => 'http://jwschool.cn/app/index.php?i=2&c=entry&do=index&m=sunshine_hireme',
    'menuid' => '408217465',
    'from' => 'owMq5wGsHYE4TALKvvKxG6Qc2bRk',
    'to' => 'gh_d08df8dd58c3',
    'time' => '1479387146',
    'type' => 'text',
    'content' => '单身狗',
    'redirection' => true,
    'source' => 'default',
    'original' => 'http://jwschool.cn/app/index.php?i=2&c=entry&do=index&m=sunshine_hireme',
  ),
  'module' => 'basic',
  'rule' => '15',
  'priority' => '0',
  'keyword' => 
  array (
    'id' => '33',
    'rid' => '15',
    'uniacid' => '2',
    'module' => 'basic',
    'content' => '单身狗',
    'type' => '1',
    'displayorder' => '0',
    'status' => '1',
  ),
)

2016-11-17 20:52:26 response :
------------
Array:
FromUserName : gh_d08df8dd58c3 ;
ToUserName : owMq5wGsHYE4TALKvvKxG6Qc2bRk ;
MsgType : text ;
Content : 测测你的颜值值多少钱？

生成你的光棍节专属海报
戳此链接
http://4dce36b7c273.ih5.cn/idea/KAGNX4b

这个神奇的网站已让上万条单身狗脱单啦！  在这里，你可以租个人陪你吃饭，看电影，压马路，也更欢迎你出租自己哦！ ;

2016-11-17 22:04:22 trace :
------------
String:
<xml><ToUserName><![CDATA[gh_d08df8dd58c3]]></ToUserName>
<FromUserName><![CDATA[owMq5wDzs9zzb9Ak_F2EyljBL7iI]]></FromUserName>
<CreateTime>1479391461</CreateTime>
<MsgType><![CDATA[event]]></MsgType>
<Event><![CDATA[subscribe]]></Event>
<EventKey><![CDATA[]]></EventKey>
</xml>

2016-11-17 22:04:22 params :
------------
String:
array (
  'message' => 
  array (
    'tousername' => 'gh_d08df8dd58c3',
    'fromusername' => 'owMq5wDzs9zzb9Ak_F2EyljBL7iI',
    'createtime' => '1479391461',
    'msgtype' => 'event',
    'event' => 'subscribe',
    'eventkey' => '',
    'from' => 'owMq5wDzs9zzb9Ak_F2EyljBL7iI',
    'to' => 'gh_d08df8dd58c3',
    'time' => '1479391461',
    'type' => 'text',
    'redirection' => true,
    'source' => 'default',
    'content' => '单身狗',
    'original' => '11双十一',
  ),
  'module' => 'basic',
  'rule' => '15',
  'priority' => '0',
  'keyword' => 
  array (
    'id' => '33',
    'rid' => '15',
    'uniacid' => '2',
    'module' => 'basic',
    'content' => '单身狗',
    'type' => '1',
    'displayorder' => '0',
    'status' => '1',
  ),
)

2016-11-17 22:04:22 response :
------------
Array:
FromUserName : gh_d08df8dd58c3 ;
ToUserName : owMq5wDzs9zzb9Ak_F2EyljBL7iI ;
MsgType : text ;
Content : 测测你的颜值值多少钱？

生成你的光棍节专属海报
戳此链接
http://4dce36b7c273.ih5.cn/idea/KAGNX4b

这个神奇的网站已让上万条单身狗脱单啦！  在这里，你可以租个人陪你吃饭，看电影，压马路，也更欢迎你出租自己哦！ ;

2016-11-17 22:04:27 trace :
------------
String:
<xml><ToUserName><![CDATA[gh_d08df8dd58c3]]></ToUserName>
<FromUserName><![CDATA[owMq5wDzs9zzb9Ak_F2EyljBL7iI]]></FromUserName>
<CreateTime>1479391466</CreateTime>
<MsgType><![CDATA[event]]></MsgType>
<Event><![CDATA[VIEW]]></Event>
<EventKey><![CDATA[http://jwschool.cn/app/index.php?i=2&c=entry&do=index&m=sunshine_hireme]]></EventKey>
<MenuId>408217465</MenuId>
</xml>

2016-11-17 22:04:27 params :
------------
String:
array (
  'message' => 
  array (
    'tousername' => 'gh_d08df8dd58c3',
    'fromusername' => 'owMq5wDzs9zzb9Ak_F2EyljBL7iI',
    'createtime' => '1479391466',
    'msgtype' => 'event',
    'event' => 'VIEW',
    'eventkey' => 'http://jwschool.cn/app/index.php?i=2&c=entry&do=index&m=sunshine_hireme',
    'menuid' => '408217465',
    'from' => 'owMq5wDzs9zzb9Ak_F2EyljBL7iI',
    'to' => 'gh_d08df8dd58c3',
    'time' => '1479391466',
    'type' => 'text',
    'content' => '单身狗',
    'redirection' => true,
    'source' => 'default',
    'original' => 'http://jwschool.cn/app/index.php?i=2&c=entry&do=index&m=sunshine_hireme',
  ),
  'module' => 'basic',
  'rule' => '15',
  'priority' => '0',
  'keyword' => 
  array (
    'id' => '33',
    'rid' => '15',
    'uniacid' => '2',
    'module' => 'basic',
    'content' => '单身狗',
    'type' => '1',
    'displayorder' => '0',
    'status' => '1',
  ),
)

2016-11-17 22:04:27 response :
------------
Array:
FromUserName : gh_d08df8dd58c3 ;
ToUserName : owMq5wDzs9zzb9Ak_F2EyljBL7iI ;
MsgType : text ;
Content : 测测你的颜值值多少钱？

生成你的光棍节专属海报
戳此链接
http://4dce36b7c273.ih5.cn/idea/KAGNX4b

这个神奇的网站已让上万条单身狗脱单啦！  在这里，你可以租个人陪你吃饭，看电影，压马路，也更欢迎你出租自己哦！ ;

2016-11-17 22:04:28 trace :
------------
String:
<xml><ToUserName><![CDATA[gh_d08df8dd58c3]]></ToUserName>
<FromUserName><![CDATA[owMq5wDzs9zzb9Ak_F2EyljBL7iI]]></FromUserName>
<CreateTime>1479391468</CreateTime>
<MsgType><![CDATA[event]]></MsgType>
<Event><![CDATA[VIEW]]></Event>
<EventKey><![CDATA[http://4dce36b7c273.ih5.cn/idea/KAGNX4b]]></EventKey>
<MenuId>408217465</MenuId>
</xml>

2016-11-17 22:04:28 params :
------------
String:
array (
  'message' => 
  array (
    'tousername' => 'gh_d08df8dd58c3',
    'fromusername' => 'owMq5wDzs9zzb9Ak_F2EyljBL7iI',
    'createtime' => '1479391468',
    'msgtype' => 'event',
    'event' => 'VIEW',
    'eventkey' => 'http://4dce36b7c273.ih5.cn/idea/KAGNX4b',
    'menuid' => '408217465',
    'from' => 'owMq5wDzs9zzb9Ak_F2EyljBL7iI',
    'to' => 'gh_d08df8dd58c3',
    'time' => '1479391468',
    'type' => 'text',
    'content' => '单身狗',
    'redirection' => true,
    'source' => 'default',
    'original' => 'http://4dce36b7c273.ih5.cn/idea/KAGNX4b',
  ),
  'module' => 'basic',
  'rule' => '15',
  'priority' => '0',
  'keyword' => 
  array (
    'id' => '33',
    'rid' => '15',
    'uniacid' => '2',
    'module' => 'basic',
    'content' => '单身狗',
    'type' => '1',
    'displayorder' => '0',
    'status' => '1',
  ),
)

2016-11-17 22:04:28 response :
------------
Array:
FromUserName : gh_d08df8dd58c3 ;
ToUserName : owMq5wDzs9zzb9Ak_F2EyljBL7iI ;
MsgType : text ;
Content : 测测你的颜值值多少钱？

生成你的光棍节专属海报
戳此链接
http://4dce36b7c273.ih5.cn/idea/KAGNX4b

这个神奇的网站已让上万条单身狗脱单啦！  在这里，你可以租个人陪你吃饭，看电影，压马路，也更欢迎你出租自己哦！ ;

2016-11-17 22:05:11 trace :
------------
String:
<xml><ToUserName><![CDATA[gh_d08df8dd58c3]]></ToUserName>
<FromUserName><![CDATA[owMq5wDzs9zzb9Ak_F2EyljBL7iI]]></FromUserName>
<CreateTime>1479391510</CreateTime>
<MsgType><![CDATA[event]]></MsgType>
<Event><![CDATA[unsubscribe]]></Event>
<EventKey><![CDATA[]]></EventKey>
</xml>

2016-11-17 22:42:34 trace :
------------
String:
<xml><ToUserName><![CDATA[gh_d08df8dd58c3]]></ToUserName>
<FromUserName><![CDATA[owMq5wH8FVpf79M44tq9wAx5qQAE]]></FromUserName>
<CreateTime>1479393753</CreateTime>
<MsgType><![CDATA[event]]></MsgType>
<Event><![CDATA[VIEW]]></Event>
<EventKey><![CDATA[http://jwschool.cn/app/index.php?i=2&c=entry&do=usercenter&m=sunshine_hireme]]></EventKey>
<MenuId>408217465</MenuId>
</xml>

2016-11-17 22:42:34 params :
------------
String:
array (
  'message' => 
  array (
    'tousername' => 'gh_d08df8dd58c3',
    'fromusername' => 'owMq5wH8FVpf79M44tq9wAx5qQAE',
    'createtime' => '1479393753',
    'msgtype' => 'event',
    'event' => 'VIEW',
    'eventkey' => 'http://jwschool.cn/app/index.php?i=2&c=entry&do=usercenter&m=sunshine_hireme',
    'menuid' => '408217465',
    'from' => 'owMq5wH8FVpf79M44tq9wAx5qQAE',
    'to' => 'gh_d08df8dd58c3',
    'time' => '1479393753',
    'type' => 'text',
    'content' => '单身狗',
    'redirection' => true,
    'source' => 'default',
    'original' => 'http://jwschool.cn/app/index.php?i=2&c=entry&do=usercenter&m=sunshine_hireme',
  ),
  'module' => 'basic',
  'rule' => '15',
  'priority' => '0',
  'keyword' => 
  array (
    'id' => '33',
    'rid' => '15',
    'uniacid' => '2',
    'module' => 'basic',
    'content' => '单身狗',
    'type' => '1',
    'displayorder' => '0',
    'status' => '1',
  ),
)

2016-11-17 22:42:34 response :
------------
Array:
FromUserName : gh_d08df8dd58c3 ;
ToUserName : owMq5wH8FVpf79M44tq9wAx5qQAE ;
MsgType : text ;
Content : 测测你的颜值值多少钱？

生成你的光棍节专属海报
戳此链接
http://4dce36b7c273.ih5.cn/idea/KAGNX4b

这个神奇的网站已让上万条单身狗脱单啦！  在这里，你可以租个人陪你吃饭，看电影，压马路，也更欢迎你出租自己哦！ ;

2016-11-17 22:42:39 trace :
------------
String:
<xml><ToUserName><![CDATA[gh_d08df8dd58c3]]></ToUserName>
<FromUserName><![CDATA[owMq5wH8FVpf79M44tq9wAx5qQAE]]></FromUserName>
<CreateTime>1479393758</CreateTime>
<MsgType><![CDATA[event]]></MsgType>
<Event><![CDATA[VIEW]]></Event>
<EventKey><![CDATA[http://4dce36b7c273.ih5.cn/idea/KAGNX4b]]></EventKey>
<MenuId>408217465</MenuId>
</xml>

2016-11-17 22:42:39 params :
------------
String:
array (
  'message' => 
  array (
    'tousername' => 'gh_d08df8dd58c3',
    'fromusername' => 'owMq5wH8FVpf79M44tq9wAx5qQAE',
    'createtime' => '1479393758',
    'msgtype' => 'event',
    'event' => 'VIEW',
    'eventkey' => 'http://4dce36b7c273.ih5.cn/idea/KAGNX4b',
    'menuid' => '408217465',
    'from' => 'owMq5wH8FVpf79M44tq9wAx5qQAE',
    'to' => 'gh_d08df8dd58c3',
    'time' => '1479393758',
    'type' => 'text',
    'content' => '单身狗',
    'redirection' => true,
    'source' => 'default',
    'original' => 'http://4dce36b7c273.ih5.cn/idea/KAGNX4b',
  ),
  'module' => 'basic',
  'rule' => '15',
  'priority' => '0',
  'keyword' => 
  array (
    'id' => '33',
    'rid' => '15',
    'uniacid' => '2',
    'module' => 'basic',
    'content' => '单身狗',
    'type' => '1',
    'displayorder' => '0',
    'status' => '1',
  ),
)

2016-11-17 22:42:39 response :
------------
Array:
FromUserName : gh_d08df8dd58c3 ;
ToUserName : owMq5wH8FVpf79M44tq9wAx5qQAE ;
MsgType : text ;
Content : 测测你的颜值值多少钱？

生成你的光棍节专属海报
戳此链接
http://4dce36b7c273.ih5.cn/idea/KAGNX4b

这个神奇的网站已让上万条单身狗脱单啦！  在这里，你可以租个人陪你吃饭，看电影，压马路，也更欢迎你出租自己哦！ ;

2016-11-17 22:42:40 trace :
------------
String:
<xml><ToUserName><![CDATA[gh_d08df8dd58c3]]></ToUserName>
<FromUserName><![CDATA[owMq5wH8FVpf79M44tq9wAx5qQAE]]></FromUserName>
<CreateTime>1479393760</CreateTime>
<MsgType><![CDATA[event]]></MsgType>
<Event><![CDATA[VIEW]]></Event>
<EventKey><![CDATA[http://jwschool.cn/app/index.php?i=2&c=entry&do=index&m=sunshine_hireme]]></EventKey>
<MenuId>408217465</MenuId>
</xml>

2016-11-17 22:42:40 params :
------------
String:
array (
  'message' => 
  array (
    'tousername' => 'gh_d08df8dd58c3',
    'fromusername' => 'owMq5wH8FVpf79M44tq9wAx5qQAE',
    'createtime' => '1479393760',
    'msgtype' => 'event',
    'event' => 'VIEW',
    'eventkey' => 'http://jwschool.cn/app/index.php?i=2&c=entry&do=index&m=sunshine_hireme',
    'menuid' => '408217465',
    'from' => 'owMq5wH8FVpf79M44tq9wAx5qQAE',
    'to' => 'gh_d08df8dd58c3',
    'time' => '1479393760',
    'type' => 'text',
    'content' => '单身狗',
    'redirection' => true,
    'source' => 'default',
    'original' => 'http://jwschool.cn/app/index.php?i=2&c=entry&do=index&m=sunshine_hireme',
  ),
  'module' => 'basic',
  'rule' => '15',
  'priority' => '0',
  'keyword' => 
  array (
    'id' => '33',
    'rid' => '15',
    'uniacid' => '2',
    'module' => 'basic',
    'content' => '单身狗',
    'type' => '1',
    'displayorder' => '0',
    'status' => '1',
  ),
)

2016-11-17 22:42:40 response :
------------
Array:
FromUserName : gh_d08df8dd58c3 ;
ToUserName : owMq5wH8FVpf79M44tq9wAx5qQAE ;
MsgType : text ;
Content : 测测你的颜值值多少钱？

生成你的光棍节专属海报
戳此链接
http://4dce36b7c273.ih5.cn/idea/KAGNX4b

这个神奇的网站已让上万条单身狗脱单啦！  在这里，你可以租个人陪你吃饭，看电影，压马路，也更欢迎你出租自己哦！ ;

2016-11-17 23:02:42 trace :
------------
String:
<xml><ToUserName><![CDATA[gh_d08df8dd58c3]]></ToUserName>
<FromUserName><![CDATA[owMq5wCXLhkYliQ1Gdliie1mahqs]]></FromUserName>
<CreateTime>1479394961</CreateTime>
<MsgType><![CDATA[event]]></MsgType>
<Event><![CDATA[LOCATION]]></Event>
<Latitude>30.241137</Latitude>
<Longitude>119.725929</Longitude>
<Precision>65.000000</Precision>
</xml>

2016-11-17 23:02:42 params :
------------
String:
array (
  'message' => 
  array (
    'tousername' => 'gh_d08df8dd58c3',
    'fromusername' => 'owMq5wCXLhkYliQ1Gdliie1mahqs',
    'createtime' => '1479394961',
    'msgtype' => 'event',
    'event' => 'LOCATION',
    'latitude' => '30.241137',
    'longitude' => '119.725929',
    'precision' => '65.000000',
    'from' => 'owMq5wCXLhkYliQ1Gdliie1mahqs',
    'to' => 'gh_d08df8dd58c3',
    'time' => '1479394961',
    'type' => 'trace',
    'location_x' => '30.241137',
    'location_y' => '119.725929',
  ),
  'module' => 'default',
  'rule' => '-1',
)

2016-11-17 23:02:42 response :
------------
Array:
errno : -1 ;
message : Invaild value ;

2016-11-17 23:31:48 trace :
------------
String:
<xml><ToUserName><![CDATA[gh_d08df8dd58c3]]></ToUserName>
<FromUserName><![CDATA[owMq5wHWj0K3-KPWf0tr5rYaEYFw]]></FromUserName>
<CreateTime>1479396707</CreateTime>
<MsgType><![CDATA[event]]></MsgType>
<Event><![CDATA[LOCATION]]></Event>
<Latitude>30.256893</Latitude>
<Longitude>119.718208</Longitude>
<Precision>10.000000</Precision>
</xml>

2016-11-17 23:31:48 params :
------------
String:
array (
  'message' => 
  array (
    'tousername' => 'gh_d08df8dd58c3',
    'fromusername' => 'owMq5wHWj0K3-KPWf0tr5rYaEYFw',
    'createtime' => '1479396707',
    'msgtype' => 'event',
    'event' => 'LOCATION',
    'latitude' => '30.256893',
    'longitude' => '119.718208',
    'precision' => '10.000000',
    'from' => 'owMq5wHWj0K3-KPWf0tr5rYaEYFw',
    'to' => 'gh_d08df8dd58c3',
    'time' => '1479396707',
    'type' => 'trace',
    'location_x' => '30.256893',
    'location_y' => '119.718208',
  ),
  'module' => 'default',
  'rule' => '-1',
)

2016-11-17 23:31:48 response :
------------
Array:
errno : -1 ;
message : Invaild value ;

2016-11-17 23:32:02 trace :
------------
String:
<xml><ToUserName><![CDATA[gh_d08df8dd58c3]]></ToUserName>
<FromUserName><![CDATA[owMq5wNUHHD0vptYXuwU0hLLCkSI]]></FromUserName>
<CreateTime>1479396722</CreateTime>
<MsgType><![CDATA[event]]></MsgType>
<Event><![CDATA[subscribe]]></Event>
<EventKey><![CDATA[]]></EventKey>
</xml>

2016-11-17 23:32:02 params :
------------
String:
array (
  'message' => 
  array (
    'tousername' => 'gh_d08df8dd58c3',
    'fromusername' => 'owMq5wNUHHD0vptYXuwU0hLLCkSI',
    'createtime' => '1479396722',
    'msgtype' => 'event',
    'event' => 'subscribe',
    'eventkey' => '',
    'from' => 'owMq5wNUHHD0vptYXuwU0hLLCkSI',
    'to' => 'gh_d08df8dd58c3',
    'time' => '1479396722',
    'type' => 'text',
    'redirection' => true,
    'source' => 'default',
    'content' => '单身狗',
    'original' => '11双十一',
  ),
  'module' => 'basic',
  'rule' => '15',
  'priority' => '0',
  'keyword' => 
  array (
    'id' => '33',
    'rid' => '15',
    'uniacid' => '2',
    'module' => 'basic',
    'content' => '单身狗',
    'type' => '1',
    'displayorder' => '0',
    'status' => '1',
  ),
)

2016-11-17 23:32:02 response :
------------
Array:
FromUserName : gh_d08df8dd58c3 ;
ToUserName : owMq5wNUHHD0vptYXuwU0hLLCkSI ;
MsgType : text ;
Content : 测测你的颜值值多少钱？

生成你的光棍节专属海报
戳此链接
http://4dce36b7c273.ih5.cn/idea/KAGNX4b

这个神奇的网站已让上万条单身狗脱单啦！  在这里，你可以租个人陪你吃饭，看电影，压马路，也更欢迎你出租自己哦！ ;

2016-11-17 23:32:05 trace :
------------
String:
<xml><ToUserName><![CDATA[gh_d08df8dd58c3]]></ToUserName>
<FromUserName><![CDATA[owMq5wNUHHD0vptYXuwU0hLLCkSI]]></FromUserName>
<CreateTime>1479396724</CreateTime>
<MsgType><![CDATA[event]]></MsgType>
<Event><![CDATA[LOCATION]]></Event>
<Latitude>30.191786</Latitude>
<Longitude>120.199860</Longitude>
<Precision>30.000000</Precision>
</xml>

2016-11-17 23:32:05 params :
------------
String:
array (
  'message' => 
  array (
    'tousername' => 'gh_d08df8dd58c3',
    'fromusername' => 'owMq5wNUHHD0vptYXuwU0hLLCkSI',
    'createtime' => '1479396724',
    'msgtype' => 'event',
    'event' => 'LOCATION',
    'latitude' => '30.191786',
    'longitude' => '120.199860',
    'precision' => '30.000000',
    'from' => 'owMq5wNUHHD0vptYXuwU0hLLCkSI',
    'to' => 'gh_d08df8dd58c3',
    'time' => '1479396724',
    'type' => 'trace',
    'location_x' => '30.191786',
    'location_y' => '120.199860',
  ),
  'module' => 'default',
  'rule' => '-1',
)

2016-11-17 23:32:05 response :
------------
Array:
errno : -1 ;
message : Invaild value ;

2016-11-17 23:32:08 trace :
------------
String:
<xml><ToUserName><![CDATA[gh_d08df8dd58c3]]></ToUserName>
<FromUserName><![CDATA[owMq5wNUHHD0vptYXuwU0hLLCkSI]]></FromUserName>
<CreateTime>1479396727</CreateTime>
<MsgType><![CDATA[event]]></MsgType>
<Event><![CDATA[VIEW]]></Event>
<EventKey><![CDATA[http://jwschool.cn/app/index.php?i=2&c=entry&do=index&m=sunshine_hireme]]></EventKey>
<MenuId>408217465</MenuId>
</xml>

2016-11-17 23:32:08 params :
------------
String:
array (
  'message' => 
  array (
    'tousername' => 'gh_d08df8dd58c3',
    'fromusername' => 'owMq5wNUHHD0vptYXuwU0hLLCkSI',
    'createtime' => '1479396727',
    'msgtype' => 'event',
    'event' => 'VIEW',
    'eventkey' => 'http://jwschool.cn/app/index.php?i=2&c=entry&do=index&m=sunshine_hireme',
    'menuid' => '408217465',
    'from' => 'owMq5wNUHHD0vptYXuwU0hLLCkSI',
    'to' => 'gh_d08df8dd58c3',
    'time' => '1479396727',
    'type' => 'text',
    'content' => '单身狗',
    'redirection' => true,
    'source' => 'default',
    'original' => 'http://jwschool.cn/app/index.php?i=2&c=entry&do=index&m=sunshine_hireme',
  ),
  'module' => 'basic',
  'rule' => '15',
  'priority' => '0',
  'keyword' => 
  array (
    'id' => '33',
    'rid' => '15',
    'uniacid' => '2',
    'module' => 'basic',
    'content' => '单身狗',
    'type' => '1',
    'displayorder' => '0',
    'status' => '1',
  ),
)

2016-11-17 23:32:08 response :
------------
Array:
FromUserName : gh_d08df8dd58c3 ;
ToUserName : owMq5wNUHHD0vptYXuwU0hLLCkSI ;
MsgType : text ;
Content : 测测你的颜值值多少钱？

生成你的光棍节专属海报
戳此链接
http://4dce36b7c273.ih5.cn/idea/KAGNX4b

这个神奇的网站已让上万条单身狗脱单啦！  在这里，你可以租个人陪你吃饭，看电影，压马路，也更欢迎你出租自己哦！ ;

2016-11-17 23:32:52 trace :
------------
String:
<xml><ToUserName><![CDATA[gh_d08df8dd58c3]]></ToUserName>
<FromUserName><![CDATA[owMq5wNUHHD0vptYXuwU0hLLCkSI]]></FromUserName>
<CreateTime>1479396771</CreateTime>
<MsgType><![CDATA[event]]></MsgType>
<Event><![CDATA[LOCATION]]></Event>
<Latitude>30.191786</Latitude>
<Longitude>120.199860</Longitude>
<Precision>30.000000</Precision>
</xml>

2016-11-17 23:32:52 params :
------------
String:
array (
  'message' => 
  array (
    'tousername' => 'gh_d08df8dd58c3',
    'fromusername' => 'owMq5wNUHHD0vptYXuwU0hLLCkSI',
    'createtime' => '1479396771',
    'msgtype' => 'event',
    'event' => 'LOCATION',
    'latitude' => '30.191786',
    'longitude' => '120.199860',
    'precision' => '30.000000',
    'from' => 'owMq5wNUHHD0vptYXuwU0hLLCkSI',
    'to' => 'gh_d08df8dd58c3',
    'time' => '1479396771',
    'type' => 'trace',
    'location_x' => '30.191786',
    'location_y' => '120.199860',
  ),
  'module' => 'default',
  'rule' => '-1',
)

2016-11-17 23:32:52 response :
------------
Array:
errno : -1 ;
message : Invaild value ;

2016-11-17 23:33:05 trace :
------------
String:
<xml><ToUserName><![CDATA[gh_d08df8dd58c3]]></ToUserName>
<FromUserName><![CDATA[owMq5wNUHHD0vptYXuwU0hLLCkSI]]></FromUserName>
<CreateTime>1479396785</CreateTime>
<MsgType><![CDATA[event]]></MsgType>
<Event><![CDATA[LOCATION]]></Event>
<Latitude>30.191780</Latitude>
<Longitude>120.200012</Longitude>
<Precision>30.000000</Precision>
</xml>

2016-11-17 23:33:05 params :
------------
String:
array (
  'message' => 
  array (
    'tousername' => 'gh_d08df8dd58c3',
    'fromusername' => 'owMq5wNUHHD0vptYXuwU0hLLCkSI',
    'createtime' => '1479396785',
    'msgtype' => 'event',
    'event' => 'LOCATION',
    'latitude' => '30.191780',
    'longitude' => '120.200012',
    'precision' => '30.000000',
    'from' => 'owMq5wNUHHD0vptYXuwU0hLLCkSI',
    'to' => 'gh_d08df8dd58c3',
    'time' => '1479396785',
    'type' => 'trace',
    'location_x' => '30.191780',
    'location_y' => '120.200012',
  ),
  'module' => 'default',
  'rule' => '-1',
)

2016-11-17 23:33:05 response :
------------
Array:
errno : -1 ;
message : Invaild value ;

2016-11-17 23:33:06 trace :
------------
String:
<xml><ToUserName><![CDATA[gh_d08df8dd58c3]]></ToUserName>
<FromUserName><![CDATA[owMq5wNUHHD0vptYXuwU0hLLCkSI]]></FromUserName>
<CreateTime>1479396785</CreateTime>
<MsgType><![CDATA[event]]></MsgType>
<Event><![CDATA[VIEW]]></Event>
<EventKey><![CDATA[http://4dce36b7c273.ih5.cn/idea/KAGNX4b]]></EventKey>
<MenuId>408217465</MenuId>
</xml>

2016-11-17 23:33:06 params :
------------
String:
array (
  'message' => 
  array (
    'tousername' => 'gh_d08df8dd58c3',
    'fromusername' => 'owMq5wNUHHD0vptYXuwU0hLLCkSI',
    'createtime' => '1479396785',
    'msgtype' => 'event',
    'event' => 'VIEW',
    'eventkey' => 'http://4dce36b7c273.ih5.cn/idea/KAGNX4b',
    'menuid' => '408217465',
    'from' => 'owMq5wNUHHD0vptYXuwU0hLLCkSI',
    'to' => 'gh_d08df8dd58c3',
    'time' => '1479396785',
    'type' => 'text',
    'content' => '单身狗',
    'redirection' => true,
    'source' => 'default',
    'original' => 'http://4dce36b7c273.ih5.cn/idea/KAGNX4b',
  ),
  'module' => 'basic',
  'rule' => '15',
  'priority' => '0',
  'keyword' => 
  array (
    'id' => '33',
    'rid' => '15',
    'uniacid' => '2',
    'module' => 'basic',
    'content' => '单身狗',
    'type' => '1',
    'displayorder' => '0',
    'status' => '1',
  ),
)

2016-11-17 23:33:06 response :
------------
Array:
FromUserName : gh_d08df8dd58c3 ;
ToUserName : owMq5wNUHHD0vptYXuwU0hLLCkSI ;
MsgType : text ;
Content : 测测你的颜值值多少钱？

生成你的光棍节专属海报
戳此链接
http://4dce36b7c273.ih5.cn/idea/KAGNX4b

这个神奇的网站已让上万条单身狗脱单啦！  在这里，你可以租个人陪你吃饭，看电影，压马路，也更欢迎你出租自己哦！ ;

2016-11-17 23:33:27 trace :
------------
String:
<xml><ToUserName><![CDATA[gh_d08df8dd58c3]]></ToUserName>
<FromUserName><![CDATA[owMq5wNUHHD0vptYXuwU0hLLCkSI]]></FromUserName>
<CreateTime>1479396806</CreateTime>
<MsgType><![CDATA[event]]></MsgType>
<Event><![CDATA[LOCATION]]></Event>
<Latitude>30.191807</Latitude>
<Longitude>120.199974</Longitude>
<Precision>30.000000</Precision>
</xml>

2016-11-17 23:33:27 params :
------------
String:
array (
  'message' => 
  array (
    'tousername' => 'gh_d08df8dd58c3',
    'fromusername' => 'owMq5wNUHHD0vptYXuwU0hLLCkSI',
    'createtime' => '1479396806',
    'msgtype' => 'event',
    'event' => 'LOCATION',
    'latitude' => '30.191807',
    'longitude' => '120.199974',
    'precision' => '30.000000',
    'from' => 'owMq5wNUHHD0vptYXuwU0hLLCkSI',
    'to' => 'gh_d08df8dd58c3',
    'time' => '1479396806',
    'type' => 'trace',
    'location_x' => '30.191807',
    'location_y' => '120.199974',
  ),
  'module' => 'default',
  'rule' => '-1',
)

2016-11-17 23:33:27 response :
------------
Array:
errno : -1 ;
message : Invaild value ;

2016-11-17 23:33:28 trace :
------------
String:
<xml><ToUserName><![CDATA[gh_d08df8dd58c3]]></ToUserName>
<FromUserName><![CDATA[owMq5wNUHHD0vptYXuwU0hLLCkSI]]></FromUserName>
<CreateTime>1479396807</CreateTime>
<MsgType><![CDATA[event]]></MsgType>
<Event><![CDATA[VIEW]]></Event>
<EventKey><![CDATA[http://jwschool.cn/app/index.php?i=2&c=entry&do=usercenter&m=sunshine_hireme]]></EventKey>
<MenuId>408217465</MenuId>
</xml>

2016-11-17 23:33:28 params :
------------
String:
array (
  'message' => 
  array (
    'tousername' => 'gh_d08df8dd58c3',
    'fromusername' => 'owMq5wNUHHD0vptYXuwU0hLLCkSI',
    'createtime' => '1479396807',
    'msgtype' => 'event',
    'event' => 'VIEW',
    'eventkey' => 'http://jwschool.cn/app/index.php?i=2&c=entry&do=usercenter&m=sunshine_hireme',
    'menuid' => '408217465',
    'from' => 'owMq5wNUHHD0vptYXuwU0hLLCkSI',
    'to' => 'gh_d08df8dd58c3',
    'time' => '1479396807',
    'type' => 'text',
    'content' => '单身狗',
    'redirection' => true,
    'source' => 'default',
    'original' => 'http://jwschool.cn/app/index.php?i=2&c=entry&do=usercenter&m=sunshine_hireme',
  ),
  'module' => 'basic',
  'rule' => '15',
  'priority' => '0',
  'keyword' => 
  array (
    'id' => '33',
    'rid' => '15',
    'uniacid' => '2',
    'module' => 'basic',
    'content' => '单身狗',
    'type' => '1',
    'displayorder' => '0',
    'status' => '1',
  ),
)

2016-11-17 23:33:28 response :
------------
Array:
FromUserName : gh_d08df8dd58c3 ;
ToUserName : owMq5wNUHHD0vptYXuwU0hLLCkSI ;
MsgType : text ;
Content : 测测你的颜值值多少钱？

生成你的光棍节专属海报
戳此链接
http://4dce36b7c273.ih5.cn/idea/KAGNX4b

这个神奇的网站已让上万条单身狗脱单啦！  在这里，你可以租个人陪你吃饭，看电影，压马路，也更欢迎你出租自己哦！ ;

2016-11-17 23:33:31 trace :
------------
String:
<xml><ToUserName><![CDATA[gh_d08df8dd58c3]]></ToUserName>
<FromUserName><![CDATA[owMq5wNUHHD0vptYXuwU0hLLCkSI]]></FromUserName>
<CreateTime>1479396811</CreateTime>
<MsgType><![CDATA[event]]></MsgType>
<Event><![CDATA[VIEW]]></Event>
<EventKey><![CDATA[http://jwschool.cn/app/index.php?i=2&c=entry&do=index&m=sunshine_hireme]]></EventKey>
<MenuId>408217465</MenuId>
</xml>

2016-11-17 23:33:31 params :
------------
String:
array (
  'message' => 
  array (
    'tousername' => 'gh_d08df8dd58c3',
    'fromusername' => 'owMq5wNUHHD0vptYXuwU0hLLCkSI',
    'createtime' => '1479396811',
    'msgtype' => 'event',
    'event' => 'VIEW',
    'eventkey' => 'http://jwschool.cn/app/index.php?i=2&c=entry&do=index&m=sunshine_hireme',
    'menuid' => '408217465',
    'from' => 'owMq5wNUHHD0vptYXuwU0hLLCkSI',
    'to' => 'gh_d08df8dd58c3',
    'time' => '1479396811',
    'type' => 'text',
    'content' => '单身狗',
    'redirection' => true,
    'source' => 'default',
    'original' => 'http://jwschool.cn/app/index.php?i=2&c=entry&do=index&m=sunshine_hireme',
  ),
  'module' => 'basic',
  'rule' => '15',
  'priority' => '0',
  'keyword' => 
  array (
    'id' => '33',
    'rid' => '15',
    'uniacid' => '2',
    'module' => 'basic',
    'content' => '单身狗',
    'type' => '1',
    'displayorder' => '0',
    'status' => '1',
  ),
)

2016-11-17 23:33:31 response :
------------
Array:
FromUserName : gh_d08df8dd58c3 ;
ToUserName : owMq5wNUHHD0vptYXuwU0hLLCkSI ;
MsgType : text ;
Content : 测测你的颜值值多少钱？

生成你的光棍节专属海报
戳此链接
http://4dce36b7c273.ih5.cn/idea/KAGNX4b

这个神奇的网站已让上万条单身狗脱单啦！  在这里，你可以租个人陪你吃饭，看电影，压马路，也更欢迎你出租自己哦！ ;

2016-11-17 23:34:14 trace :
------------
String:
<xml><ToUserName><![CDATA[gh_d08df8dd58c3]]></ToUserName>
<FromUserName><![CDATA[owMq5wNUHHD0vptYXuwU0hLLCkSI]]></FromUserName>
<CreateTime>1479396854</CreateTime>
<MsgType><![CDATA[event]]></MsgType>
<Event><![CDATA[LOCATION]]></Event>
<Latitude>30.191782</Latitude>
<Longitude>120.199928</Longitude>
<Precision>30.000000</Precision>
</xml>

2016-11-17 23:34:14 params :
------------
String:
array (
  'message' => 
  array (
    'tousername' => 'gh_d08df8dd58c3',
    'fromusername' => 'owMq5wNUHHD0vptYXuwU0hLLCkSI',
    'createtime' => '1479396854',
    'msgtype' => 'event',
    'event' => 'LOCATION',
    'latitude' => '30.191782',
    'longitude' => '120.199928',
    'precision' => '30.000000',
    'from' => 'owMq5wNUHHD0vptYXuwU0hLLCkSI',
    'to' => 'gh_d08df8dd58c3',
    'time' => '1479396854',
    'type' => 'trace',
    'location_x' => '30.191782',
    'location_y' => '120.199928',
  ),
  'module' => 'default',
  'rule' => '-1',
)

2016-11-17 23:34:14 response :
------------
Array:
errno : -1 ;
message : Invaild value ;

